{
  "numFailedTestSuites": 5,
  "numFailedTests": 8,
  "numPassedTestSuites": 1,
  "numPassedTests": 9,
  "numPendingTestSuites": 0,
  "numPendingTests": 0,
  "numRuntimeErrorTestSuites": 2,
  "numTodoTests": 0,
  "numTotalTestSuites": 6,
  "numTotalTests": 17,
  "openHandles": [],
  "snapshot": {
    "added": 0,
    "didUpdate": false,
    "failure": false,
    "filesAdded": 0,
    "filesRemoved": 0,
    "filesRemovedList": [],
    "filesUnmatched": 0,
    "filesUpdated": 0,
    "matched": 0,
    "total": 0,
    "unchecked": 0,
    "uncheckedKeysByFile": [],
    "unmatched": 0,
    "updated": 0
  },
  "startTime": 1717567529247,
  "success": false,
  "testResults": [
    {
      "failureMessage": "  ● Test suite failed to run\n\n    Cannot find module '@testing-directory/jest-dom' from '__tests__/src/components/board/Board.test.js'\n\n       7 | import React from 'react';\n       8 | import { render, cleanup, fireEvent } from '@testing-library/react';\n    >  9 | import '@testing-directory/jest-dom';\n         | ^\n      10 | import Board from '../../../../src/components/board/Board';\n      11 |\n      12 | describe('Board Component', () => {\n\n      at Resolver._throwModNotFoundError (node_modules/jest-runtime/node_modules/jest-resolve/build/resolver.js:491:11)\n      at Object.require (__tests__/src/components/board/Board.test.js:9:1)\n",
      "leaks": false,
      "numFailingTests": 0,
      "numPassingTests": 0,
      "numPendingTests": 0,
      "numTodoTests": 0,
      "openHandles": [],
      "perfStats": {
        "end": 0,
        "runtime": 0,
        "slow": false,
        "start": 0
      },
      "skipped": false,
      "snapshot": {
        "added": 0,
        "fileDeleted": false,
        "matched": 0,
        "unchecked": 0,
        "uncheckedKeys": [],
        "unmatched": 0,
        "updated": 0
      },
      "testExecError": "Cannot find module '@testing-directory/jest-dom' from '__tests__/src/components/board/Board.test.js'",
      "testFilePath": "/var/tmp/Roost/RoostGPT/react-test-tic/1dbd8b20-931d-4eab-88f8-a4b0f46cca71/source/tic-tac-toe/__tests__/src/components/board/Board.test.js",
      "testResults": []
    },
    {
      "leaks": false,
      "numFailingTests": 2,
      "numPassingTests": 0,
      "numPendingTests": 0,
      "numTodoTests": 0,
      "openHandles": [],
      "perfStats": {
        "end": 1717567533896,
        "runtime": 3103,
        "slow": false,
        "start": 1717567530793
      },
      "skipped": false,
      "snapshot": {
        "added": 0,
        "fileDeleted": false,
        "matched": 0,
        "unchecked": 0,
        "uncheckedKeys": [],
        "unmatched": 0,
        "updated": 0
      },
      "testFilePath": "/var/tmp/Roost/RoostGPT/react-test-tic/1dbd8b20-931d-4eab-88f8-a4b0f46cca71/source/tic-tac-toe/__tests__/src/reportWebVitals.test.js",
      "testResults": [
        {
          "ancestorTitles": [
            "reportWebVitals utility function"
          ],
          "duration": 2,
          "failureDetails": [
            {
              "code": "MODULE_NOT_FOUND",
              "moduleName": "web-vital",
              "_originalMessage": "Cannot find module 'web-vital' from '__tests__/src/reportWebVitals.test.js'"
            }
          ],
          "failureMessages": [
            "Error: Cannot find module 'web-vital' from '__tests__/src/reportWebVitals.test.js'\n    at Resolver._throwModNotFoundError (/var/tmp/Roost/RoostGPT/react-test-tic/1dbd8b20-931d-4eab-88f8-a4b0f46cca71/source/tic-tac-toe/node_modules/jest-runtime/node_modules/jest-resolve/build/resolver.js:491:11)\n    at Resolver.resolveModule (/var/tmp/Roost/RoostGPT/react-test-tic/1dbd8b20-931d-4eab-88f8-a4b0f46cca71/source/tic-tac-toe/node_modules/jest-runtime/node_modules/jest-resolve/build/resolver.js:413:10)\n    at Resolver._getVirtualMockPath (/var/tmp/Roost/RoostGPT/react-test-tic/1dbd8b20-931d-4eab-88f8-a4b0f46cca71/source/tic-tac-toe/node_modules/jest-runtime/node_modules/jest-resolve/build/resolver.js:733:14)\n    at Resolver._getAbsolutePath (/var/tmp/Roost/RoostGPT/react-test-tic/1dbd8b20-931d-4eab-88f8-a4b0f46cca71/source/tic-tac-toe/node_modules/jest-runtime/node_modules/jest-resolve/build/resolver.js:690:14)\n    at Resolver.getModuleID (/var/tmp/Roost/RoostGPT/react-test-tic/1dbd8b20-931d-4eab-88f8-a4b0f46cca71/source/tic-tac-toe/node_modules/jest-runtime/node_modules/jest-resolve/build/resolver.js:617:31)\n    at Runtime.setMock (/var/tmp/Roost/RoostGPT/react-test-tic/1dbd8b20-931d-4eab-88f8-a4b0f46cca71/source/tic-tac-toe/node_modules/jest-runtime/build/index.js:1434:37)\n    at setMockFactory (/var/tmp/Roost/RoostGPT/react-test-tic/1dbd8b20-931d-4eab-88f8-a4b0f46cca71/source/tic-tac-toe/node_modules/jest-runtime/build/index.js:2265:12)\n    at Object.mock (/var/tmp/Roost/RoostGPT/react-test-tic/1dbd8b20-931d-4eab-88f8-a4b0f46cca71/source/tic-tac-toe/node_modules/jest-runtime/build/index.js:2247:16)\n    at Object.mock (/var/tmp/Roost/RoostGPT/react-test-tic/1dbd8b20-931d-4eab-88f8-a4b0f46cca71/source/tic-tac-toe/__tests__/src/reportWebVitals.test.js:12:14)\n    at Promise.then.completed (/var/tmp/Roost/RoostGPT/react-test-tic/1dbd8b20-931d-4eab-88f8-a4b0f46cca71/source/tic-tac-toe/node_modules/jest-circus/build/utils.js:333:28)\n    at new Promise (<anonymous>)\n    at callAsyncCircusFn (/var/tmp/Roost/RoostGPT/react-test-tic/1dbd8b20-931d-4eab-88f8-a4b0f46cca71/source/tic-tac-toe/node_modules/jest-circus/build/utils.js:259:10)\n    at _callCircusHook (/var/tmp/Roost/RoostGPT/react-test-tic/1dbd8b20-931d-4eab-88f8-a4b0f46cca71/source/tic-tac-toe/node_modules/jest-circus/build/run.js:240:40)\n    at processTicksAndRejections (node:internal/process/task_queues:95:5)\n    at _runTestsForDescribeBlock (/var/tmp/Roost/RoostGPT/react-test-tic/1dbd8b20-931d-4eab-88f8-a4b0f46cca71/source/tic-tac-toe/node_modules/jest-circus/build/run.js:56:7)\n    at _runTestsForDescribeBlock (/var/tmp/Roost/RoostGPT/react-test-tic/1dbd8b20-931d-4eab-88f8-a4b0f46cca71/source/tic-tac-toe/node_modules/jest-circus/build/run.js:91:9)\n    at run (/var/tmp/Roost/RoostGPT/react-test-tic/1dbd8b20-931d-4eab-88f8-a4b0f46cca71/source/tic-tac-toe/node_modules/jest-circus/build/run.js:31:3)\n    at runAndTransformResultsToJestFormat (/var/tmp/Roost/RoostGPT/react-test-tic/1dbd8b20-931d-4eab-88f8-a4b0f46cca71/source/tic-tac-toe/node_modules/jest-circus/build/legacy-code-todo-rewrite/jestAdapterInit.js:135:21)\n    at jestAdapter (/var/tmp/Roost/RoostGPT/react-test-tic/1dbd8b20-931d-4eab-88f8-a4b0f46cca71/source/tic-tac-toe/node_modules/jest-circus/build/legacy-code-todo-rewrite/jestAdapter.js:92:19)\n    at runTestInternal (/var/tmp/Roost/RoostGPT/react-test-tic/1dbd8b20-931d-4eab-88f8-a4b0f46cca71/source/tic-tac-toe/node_modules/jest-runner/build/runTest.js:411:16)\n    at runTest (/var/tmp/Roost/RoostGPT/react-test-tic/1dbd8b20-931d-4eab-88f8-a4b0f46cca71/source/tic-tac-toe/node_modules/jest-runner/build/runTest.js:499:34)\n    at Object.worker (/var/tmp/Roost/RoostGPT/react-test-tic/1dbd8b20-931d-4eab-88f8-a4b0f46cca71/source/tic-tac-toe/node_modules/jest-runner/build/testWorker.js:133:12)"
          ],
          "fullName": "reportWebVitals utility function should not call any web vitals function if onPerfEntry is not a function",
          "invocations": 1,
          "location": null,
          "numPassingAsserts": 0,
          "retryReasons": [],
          "status": "failed",
          "title": "should not call any web vitals function if onPerfEntry is not a function"
        },
        {
          "ancestorTitles": [
            "reportWebVitals utility function"
          ],
          "duration": 0,
          "failureDetails": [
            {
              "code": "MODULE_NOT_FOUND",
              "moduleName": "web-vital",
              "_originalMessage": "Cannot find module 'web-vital' from '__tests__/src/reportWebVitals.test.js'"
            }
          ],
          "failureMessages": [
            "Error: Cannot find module 'web-vital' from '__tests__/src/reportWebVitals.test.js'\n    at Resolver._throwModNotFoundError (/var/tmp/Roost/RoostGPT/react-test-tic/1dbd8b20-931d-4eab-88f8-a4b0f46cca71/source/tic-tac-toe/node_modules/jest-runtime/node_modules/jest-resolve/build/resolver.js:491:11)\n    at Resolver.resolveModule (/var/tmp/Roost/RoostGPT/react-test-tic/1dbd8b20-931d-4eab-88f8-a4b0f46cca71/source/tic-tac-toe/node_modules/jest-runtime/node_modules/jest-resolve/build/resolver.js:413:10)\n    at Resolver._getVirtualMockPath (/var/tmp/Roost/RoostGPT/react-test-tic/1dbd8b20-931d-4eab-88f8-a4b0f46cca71/source/tic-tac-toe/node_modules/jest-runtime/node_modules/jest-resolve/build/resolver.js:733:14)\n    at Resolver._getAbsolutePath (/var/tmp/Roost/RoostGPT/react-test-tic/1dbd8b20-931d-4eab-88f8-a4b0f46cca71/source/tic-tac-toe/node_modules/jest-runtime/node_modules/jest-resolve/build/resolver.js:690:14)\n    at Resolver.getModuleID (/var/tmp/Roost/RoostGPT/react-test-tic/1dbd8b20-931d-4eab-88f8-a4b0f46cca71/source/tic-tac-toe/node_modules/jest-runtime/node_modules/jest-resolve/build/resolver.js:617:31)\n    at Runtime.setMock (/var/tmp/Roost/RoostGPT/react-test-tic/1dbd8b20-931d-4eab-88f8-a4b0f46cca71/source/tic-tac-toe/node_modules/jest-runtime/build/index.js:1434:37)\n    at setMockFactory (/var/tmp/Roost/RoostGPT/react-test-tic/1dbd8b20-931d-4eab-88f8-a4b0f46cca71/source/tic-tac-toe/node_modules/jest-runtime/build/index.js:2265:12)\n    at Object.mock (/var/tmp/Roost/RoostGPT/react-test-tic/1dbd8b20-931d-4eab-88f8-a4b0f46cca71/source/tic-tac-toe/node_modules/jest-runtime/build/index.js:2247:16)\n    at Object.mock (/var/tmp/Roost/RoostGPT/react-test-tic/1dbd8b20-931d-4eab-88f8-a4b0f46cca71/source/tic-tac-toe/__tests__/src/reportWebVitals.test.js:12:14)\n    at Promise.then.completed (/var/tmp/Roost/RoostGPT/react-test-tic/1dbd8b20-931d-4eab-88f8-a4b0f46cca71/source/tic-tac-toe/node_modules/jest-circus/build/utils.js:333:28)\n    at new Promise (<anonymous>)\n    at callAsyncCircusFn (/var/tmp/Roost/RoostGPT/react-test-tic/1dbd8b20-931d-4eab-88f8-a4b0f46cca71/source/tic-tac-toe/node_modules/jest-circus/build/utils.js:259:10)\n    at _callCircusHook (/var/tmp/Roost/RoostGPT/react-test-tic/1dbd8b20-931d-4eab-88f8-a4b0f46cca71/source/tic-tac-toe/node_modules/jest-circus/build/run.js:240:40)\n    at processTicksAndRejections (node:internal/process/task_queues:95:5)\n    at _runTestsForDescribeBlock (/var/tmp/Roost/RoostGPT/react-test-tic/1dbd8b20-931d-4eab-88f8-a4b0f46cca71/source/tic-tac-toe/node_modules/jest-circus/build/run.js:56:7)\n    at _runTestsForDescribeBlock (/var/tmp/Roost/RoostGPT/react-test-tic/1dbd8b20-931d-4eab-88f8-a4b0f46cca71/source/tic-tac-toe/node_modules/jest-circus/build/run.js:91:9)\n    at run (/var/tmp/Roost/RoostGPT/react-test-tic/1dbd8b20-931d-4eab-88f8-a4b0f46cca71/source/tic-tac-toe/node_modules/jest-circus/build/run.js:31:3)\n    at runAndTransformResultsToJestFormat (/var/tmp/Roost/RoostGPT/react-test-tic/1dbd8b20-931d-4eab-88f8-a4b0f46cca71/source/tic-tac-toe/node_modules/jest-circus/build/legacy-code-todo-rewrite/jestAdapterInit.js:135:21)\n    at jestAdapter (/var/tmp/Roost/RoostGPT/react-test-tic/1dbd8b20-931d-4eab-88f8-a4b0f46cca71/source/tic-tac-toe/node_modules/jest-circus/build/legacy-code-todo-rewrite/jestAdapter.js:92:19)\n    at runTestInternal (/var/tmp/Roost/RoostGPT/react-test-tic/1dbd8b20-931d-4eab-88f8-a4b0f46cca71/source/tic-tac-toe/node_modules/jest-runner/build/runTest.js:411:16)\n    at runTest (/var/tmp/Roost/RoostGPT/react-test-tic/1dbd8b20-931d-4eab-88f8-a4b0f46cca71/source/tic-tac-toe/node_modules/jest-runner/build/runTest.js:499:34)\n    at Object.worker (/var/tmp/Roost/RoostGPT/react-test-tic/1dbd8b20-931d-4eab-88f8-a4b0f46cca71/source/tic-tac-toe/node_modules/jest-runner/build/testWorker.js:133:12)"
          ],
          "fullName": "reportWebVitals utility function should call all web vitals functions if onPerfEntry is a function",
          "invocations": 1,
          "location": null,
          "numPassingAsserts": 0,
          "retryReasons": [],
          "status": "failed",
          "title": "should call all web vitals functions if onPerfEntry is a function"
        }
      ],
      "failureMessage": "  ● reportWebVitals utility function › should not call any web vitals function if onPerfEntry is not a function\n\n    Cannot find module 'web-vital' from '__tests__/src/reportWebVitals.test.js'\n\n      10 |     beforeAll(() => {\n      11 |         jest.resetModules();\n    > 12 |         jest.mock('web-vital', () => ({\n         |              ^\n      13 |             getCLS: jest.fn(),\n      14 |             getFID: jest.fn(),\n      15 |             getFCP: jest.fn(),\n\n      at Resolver._throwModNotFoundError (node_modules/jest-runtime/node_modules/jest-resolve/build/resolver.js:491:11)\n      at Object.mock (__tests__/src/reportWebVitals.test.js:12:14)\n\n  ● reportWebVitals utility function › should call all web vitals functions if onPerfEntry is a function\n\n    Cannot find module 'web-vital' from '__tests__/src/reportWebVitals.test.js'\n\n      10 |     beforeAll(() => {\n      11 |         jest.resetModules();\n    > 12 |         jest.mock('web-vital', () => ({\n         |              ^\n      13 |             getCLS: jest.fn(),\n      14 |             getFID: jest.fn(),\n      15 |             getFCP: jest.fn(),\n\n      at Resolver._throwModNotFoundError (node_modules/jest-runtime/node_modules/jest-resolve/build/resolver.js:491:11)\n      at Object.mock (__tests__/src/reportWebVitals.test.js:12:14)\n"
    },
    {
      "leaks": false,
      "numFailingTests": 1,
      "numPassingTests": 3,
      "numPendingTests": 0,
      "numTodoTests": 0,
      "openHandles": [],
      "perfStats": {
        "end": 1717567534389,
        "runtime": 3514,
        "slow": false,
        "start": 1717567530875
      },
      "skipped": false,
      "snapshot": {
        "added": 0,
        "fileDeleted": false,
        "matched": 0,
        "unchecked": 0,
        "uncheckedKeys": [],
        "unmatched": 0,
        "updated": 0
      },
      "testFilePath": "/var/tmp/Roost/RoostGPT/react-test-tic/1dbd8b20-931d-4eab-88f8-a4b0f46cca71/source/tic-tac-toe/__tests__/src/components/moves/Moves.test.js",
      "testResults": [
        {
          "ancestorTitles": [
            "Moves component tests"
          ],
          "duration": 62,
          "failureDetails": [],
          "failureMessages": [],
          "fullName": "Moves component tests renders without crashing",
          "invocations": 1,
          "location": null,
          "numPassingAsserts": 0,
          "retryReasons": [],
          "status": "passed",
          "title": "renders without crashing"
        },
        {
          "ancestorTitles": [
            "Moves component tests"
          ],
          "duration": 118,
          "failureDetails": [
            {
              "matcherResult": {
                "message": "expect(received).toHaveLength(expected)\n\nExpected length: 3\nReceived length: 2\nReceived array:  [<button>Go to game start</button>, <button>Go to move #1</button>]",
                "pass": false
              }
            }
          ],
          "failureMessages": [
            "Error: expect(received).toHaveLength(expected)\n\nExpected length: 3\nReceived length: 2\nReceived array:  [<button>Go to game start</button>, <button>Go to move #1</button>]\n    at Object.toHaveLength (/var/tmp/Roost/RoostGPT/react-test-tic/1dbd8b20-931d-4eab-88f8-a4b0f46cca71/source/tic-tac-toe/__tests__/src/components/moves/Moves.test.js:24:36)\n    at Promise.then.completed (/var/tmp/Roost/RoostGPT/react-test-tic/1dbd8b20-931d-4eab-88f8-a4b0f46cca71/source/tic-tac-toe/node_modules/jest-circus/build/utils.js:333:28)\n    at new Promise (<anonymous>)\n    at callAsyncCircusFn (/var/tmp/Roost/RoostGPT/react-test-tic/1dbd8b20-931d-4eab-88f8-a4b0f46cca71/source/tic-tac-toe/node_modules/jest-circus/build/utils.js:259:10)\n    at _callCircusTest (/var/tmp/Roost/RoostGPT/react-test-tic/1dbd8b20-931d-4eab-88f8-a4b0f46cca71/source/tic-tac-toe/node_modules/jest-circus/build/run.js:277:40)\n    at processTicksAndRejections (node:internal/process/task_queues:95:5)\n    at _runTest (/var/tmp/Roost/RoostGPT/react-test-tic/1dbd8b20-931d-4eab-88f8-a4b0f46cca71/source/tic-tac-toe/node_modules/jest-circus/build/run.js:209:3)\n    at _runTestsForDescribeBlock (/var/tmp/Roost/RoostGPT/react-test-tic/1dbd8b20-931d-4eab-88f8-a4b0f46cca71/source/tic-tac-toe/node_modules/jest-circus/build/run.js:97:9)\n    at _runTestsForDescribeBlock (/var/tmp/Roost/RoostGPT/react-test-tic/1dbd8b20-931d-4eab-88f8-a4b0f46cca71/source/tic-tac-toe/node_modules/jest-circus/build/run.js:91:9)\n    at run (/var/tmp/Roost/RoostGPT/react-test-tic/1dbd8b20-931d-4eab-88f8-a4b0f46cca71/source/tic-tac-toe/node_modules/jest-circus/build/run.js:31:3)\n    at runAndTransformResultsToJestFormat (/var/tmp/Roost/RoostGPT/react-test-tic/1dbd8b20-931d-4eab-88f8-a4b0f46cca71/source/tic-tac-toe/node_modules/jest-circus/build/legacy-code-todo-rewrite/jestAdapterInit.js:135:21)\n    at jestAdapter (/var/tmp/Roost/RoostGPT/react-test-tic/1dbd8b20-931d-4eab-88f8-a4b0f46cca71/source/tic-tac-toe/node_modules/jest-circus/build/legacy-code-todo-rewrite/jestAdapter.js:92:19)\n    at runTestInternal (/var/tmp/Roost/RoostGPT/react-test-tic/1dbd8b20-931d-4eab-88f8-a4b0f46cca71/source/tic-tac-toe/node_modules/jest-runner/build/runTest.js:411:16)\n    at runTest (/var/tmp/Roost/RoostGPT/react-test-tic/1dbd8b20-931d-4eab-88f8-a4b0f46cca71/source/tic-tac-toe/node_modules/jest-runner/build/runTest.js:499:34)\n    at Object.worker (/var/tmp/Roost/RoostGPT/react-test-tic/1dbd8b20-931d-4eab-88f8-a4b0f46cca71/source/tic-tac-toe/node_modules/jest-runner/build/testWorker.js:133:12)"
          ],
          "fullName": "Moves component tests should display correct number of buttons for history entries",
          "invocations": 1,
          "location": null,
          "numPassingAsserts": 0,
          "retryReasons": [],
          "status": "failed",
          "title": "should display correct number of buttons for history entries"
        },
        {
          "ancestorTitles": [
            "Moves component tests"
          ],
          "duration": 61,
          "failureDetails": [],
          "failureMessages": [],
          "fullName": "Moves component tests calls jumpTo with correct move index when button is clicked",
          "invocations": 1,
          "location": null,
          "numPassingAsserts": 0,
          "retryReasons": [],
          "status": "passed",
          "title": "calls jumpTo with correct move index when button is clicked"
        },
        {
          "ancestorTitles": [
            "Moves component tests"
          ],
          "duration": 8,
          "failureDetails": [],
          "failureMessages": [],
          "fullName": "Moves component tests displays \"Go to game start\" for initial button",
          "invocations": 1,
          "location": null,
          "numPassingAsserts": 0,
          "retryReasons": [],
          "status": "passed",
          "title": "displays \"Go to game start\" for initial button"
        }
      ],
      "failureMessage": "  ● Moves component tests › should display correct number of buttons for history entries\n\n    expect(received).toHaveLength(expected)\n\n    Expected length: 3\n    Received length: 2\n    Received array:  [<button>Go to game start</button>, <button>Go to move #1</button>]\n\n      22 |   test('should display correct number of buttons for history entries', () => {\n      23 |     const { getAllByRole } = render(<Moves history={mockHistory} jumpTo={jumpToMock} />);\n    > 24 |     expect(getAllByRole('button')).toHaveLength(mockHistory.length + 1); // +1 for 'Go to game start'\n         |                                    ^\n      25 |   });\n      26 |\n      27 |   test('calls jumpTo with correct move index when button is clicked', () => {\n\n      at Object.toHaveLength (__tests__/src/components/moves/Moves.test.js:24:36)\n"
    },
    {
      "leaks": false,
      "numFailingTests": 0,
      "numPassingTests": 6,
      "numPendingTests": 0,
      "numTodoTests": 0,
      "openHandles": [],
      "perfStats": {
        "end": 1717567534484,
        "runtime": 498,
        "slow": false,
        "start": 1717567533986
      },
      "skipped": false,
      "snapshot": {
        "added": 0,
        "fileDeleted": false,
        "matched": 0,
        "unchecked": 0,
        "uncheckedKeys": [],
        "unmatched": 0,
        "updated": 0
      },
      "testFilePath": "/var/tmp/Roost/RoostGPT/react-test-tic/1dbd8b20-931d-4eab-88f8-a4b0f46cca71/source/tic-tac-toe/__tests__/src/helpers/calculateWinner.test.js",
      "testResults": [
        {
          "ancestorTitles": [
            "calculateWinner Function"
          ],
          "duration": 6,
          "failureDetails": [],
          "failureMessages": [],
          "fullName": "calculateWinner Function should return null if there is no winner",
          "invocations": 1,
          "location": null,
          "numPassingAsserts": 0,
          "retryReasons": [],
          "status": "passed",
          "title": "should return null if there is no winner"
        },
        {
          "ancestorTitles": [
            "calculateWinner Function"
          ],
          "duration": 1,
          "failureDetails": [],
          "failureMessages": [],
          "fullName": "calculateWinner Function should return the winner if a row has identical non-null values",
          "invocations": 1,
          "location": null,
          "numPassingAsserts": 0,
          "retryReasons": [],
          "status": "passed",
          "title": "should return the winner if a row has identical non-null values"
        },
        {
          "ancestorTitles": [
            "calculateWinner Function"
          ],
          "duration": 1,
          "failureDetails": [],
          "failureMessages": [],
          "fullName": "calculateWinner Function should return the winner if a column has identical non-null values",
          "invocations": 1,
          "location": null,
          "numPassingAsserts": 0,
          "retryReasons": [],
          "status": "passed",
          "title": "should return the winner if a column has identical non-null values"
        },
        {
          "ancestorTitles": [
            "calculateWinner Function"
          ],
          "duration": 1,
          "failureDetails": [],
          "failureMessages": [],
          "fullName": "calculateWinner Function should return the winner if a diagonal has identical non-null values",
          "invocations": 1,
          "location": null,
          "numPassingAsserts": 0,
          "retryReasons": [],
          "status": "passed",
          "title": "should return the winner if a diagonal has identical non-null values"
        },
        {
          "ancestorTitles": [
            "calculateWinner Function"
          ],
          "duration": 1,
          "failureDetails": [],
          "failureMessages": [],
          "fullName": "calculateWinner Function should handle arrays larger than 9 elements",
          "invocations": 1,
          "location": null,
          "numPassingAsserts": 0,
          "retryReasons": [],
          "status": "passed",
          "title": "should handle arrays larger than 9 elements"
        },
        {
          "ancestorTitles": [
            "calculateWinner Function"
          ],
          "duration": 0,
          "failureDetails": [],
          "failureMessages": [],
          "fullName": "calculateWinner Function should return null for an invalid input (not an array)",
          "invocations": 1,
          "location": null,
          "numPassingAsserts": 0,
          "retryReasons": [],
          "status": "passed",
          "title": "should return null for an invalid input (not an array)"
        }
      ],
      "failureMessage": null
    },
    {
      "leaks": false,
      "numFailingTests": 5,
      "numPassingTests": 0,
      "numPendingTests": 0,
      "numTodoTests": 0,
      "openHandles": [],
      "perfStats": {
        "end": 1717567534746,
        "runtime": 1027,
        "slow": false,
        "start": 1717567533719
      },
      "skipped": false,
      "snapshot": {
        "added": 0,
        "fileDeleted": false,
        "matched": 0,
        "unchecked": 0,
        "uncheckedKeys": [],
        "unmatched": 0,
        "updated": 0
      },
      "testFilePath": "/var/tmp/Roost/RoostGPT/react-test-tic/1dbd8b20-931d-4eab-88f8-a4b0f46cca71/source/tic-tac-toe/__tests__/src/components/square/Square.test.js",
      "testResults": [
        {
          "ancestorTitles": [
            "Square Component Tests"
          ],
          "duration": 86,
          "failureDetails": [
            {}
          ],
          "failureMessages": [
            "ReferenceError: React is not defined\n    at Square (/var/tmp/Roost/RoostGPT/react-test-tic/1dbd8b20-931d-4eab-88f8-a4b0f46cca71/source/tic-tac-toe/src/components/square/Square.js:2:3)\n    at renderWithHooks (/var/tmp/Roost/RoostGPT/react-test-tic/1dbd8b20-931d-4eab-88f8-a4b0f46cca71/source/tic-tac-toe/node_modules/react-dom/cjs/react-dom.development.js:16305:18)\n    at mountIndeterminateComponent (/var/tmp/Roost/RoostGPT/react-test-tic/1dbd8b20-931d-4eab-88f8-a4b0f46cca71/source/tic-tac-toe/node_modules/react-dom/cjs/react-dom.development.js:20074:13)\n    at beginWork (/var/tmp/Roost/RoostGPT/react-test-tic/1dbd8b20-931d-4eab-88f8-a4b0f46cca71/source/tic-tac-toe/node_modules/react-dom/cjs/react-dom.development.js:21587:16)\n    at beginWork$1 (/var/tmp/Roost/RoostGPT/react-test-tic/1dbd8b20-931d-4eab-88f8-a4b0f46cca71/source/tic-tac-toe/node_modules/react-dom/cjs/react-dom.development.js:27426:14)\n    at performUnitOfWork (/var/tmp/Roost/RoostGPT/react-test-tic/1dbd8b20-931d-4eab-88f8-a4b0f46cca71/source/tic-tac-toe/node_modules/react-dom/cjs/react-dom.development.js:26560:12)\n    at workLoopSync (/var/tmp/Roost/RoostGPT/react-test-tic/1dbd8b20-931d-4eab-88f8-a4b0f46cca71/source/tic-tac-toe/node_modules/react-dom/cjs/react-dom.development.js:26466:5)\n    at renderRootSync (/var/tmp/Roost/RoostGPT/react-test-tic/1dbd8b20-931d-4eab-88f8-a4b0f46cca71/source/tic-tac-toe/node_modules/react-dom/cjs/react-dom.development.js:26434:7)\n    at recoverFromConcurrentError (/var/tmp/Roost/RoostGPT/react-test-tic/1dbd8b20-931d-4eab-88f8-a4b0f46cca71/source/tic-tac-toe/node_modules/react-dom/cjs/react-dom.development.js:25850:20)\n    at performConcurrentWorkOnRoot (/var/tmp/Roost/RoostGPT/react-test-tic/1dbd8b20-931d-4eab-88f8-a4b0f46cca71/source/tic-tac-toe/node_modules/react-dom/cjs/react-dom.development.js:25750:22)\n    at flushActQueue (/var/tmp/Roost/RoostGPT/react-test-tic/1dbd8b20-931d-4eab-88f8-a4b0f46cca71/source/tic-tac-toe/node_modules/react/cjs/react.development.js:2667:24)\n    at act (/var/tmp/Roost/RoostGPT/react-test-tic/1dbd8b20-931d-4eab-88f8-a4b0f46cca71/source/tic-tac-toe/node_modules/react/cjs/react.development.js:2582:11)\n    at /var/tmp/Roost/RoostGPT/react-test-tic/1dbd8b20-931d-4eab-88f8-a4b0f46cca71/source/tic-tac-toe/node_modules/@testing-library/react/dist/act-compat.js:63:25\n    at renderRoot (/var/tmp/Roost/RoostGPT/react-test-tic/1dbd8b20-931d-4eab-88f8-a4b0f46cca71/source/tic-tac-toe/node_modules/@testing-library/react/dist/pure.js:159:26)\n    at render (/var/tmp/Roost/RoostGPT/react-test-tic/1dbd8b20-931d-4eab-88f8-a4b0f46cca71/source/tic-tac-toe/node_modules/@testing-library/react/dist/pure.js:246:10)\n    at Object.<anonymous> (/var/tmp/Roost/RoostGPT/react-test-tic/1dbd8b20-931d-4eab-88f8-a4b0f46cca71/source/tic-tac-toe/__tests__/src/components/square/Square.test.js:13:11)\n    at Promise.then.completed (/var/tmp/Roost/RoostGPT/react-test-tic/1dbd8b20-931d-4eab-88f8-a4b0f46cca71/source/tic-tac-toe/node_modules/jest-circus/build/utils.js:333:28)\n    at new Promise (<anonymous>)\n    at callAsyncCircusFn (/var/tmp/Roost/RoostGPT/react-test-tic/1dbd8b20-931d-4eab-88f8-a4b0f46cca71/source/tic-tac-toe/node_modules/jest-circus/build/utils.js:259:10)\n    at _callCircusTest (/var/tmp/Roost/RoostGPT/react-test-tic/1dbd8b20-931d-4eab-88f8-a4b0f46cca71/source/tic-tac-toe/node_modules/jest-circus/build/run.js:277:40)\n    at processTicksAndRejections (node:internal/process/task_queues:95:5)\n    at _runTest (/var/tmp/Roost/RoostGPT/react-test-tic/1dbd8b20-931d-4eab-88f8-a4b0f46cca71/source/tic-tac-toe/node_modules/jest-circus/build/run.js:209:3)\n    at _runTestsForDescribeBlock (/var/tmp/Roost/RoostGPT/react-test-tic/1dbd8b20-931d-4eab-88f8-a4b0f46cca71/source/tic-tac-toe/node_modules/jest-circus/build/run.js:97:9)\n    at _runTestsForDescribeBlock (/var/tmp/Roost/RoostGPT/react-test-tic/1dbd8b20-931d-4eab-88f8-a4b0f46cca71/source/tic-tac-toe/node_modules/jest-circus/build/run.js:91:9)\n    at run (/var/tmp/Roost/RoostGPT/react-test-tic/1dbd8b20-931d-4eab-88f8-a4b0f46cca71/source/tic-tac-toe/node_modules/jest-circus/build/run.js:31:3)\n    at runAndTransformResultsToJestFormat (/var/tmp/Roost/RoostGPT/react-test-tic/1dbd8b20-931d-4eab-88f8-a4b0f46cca71/source/tic-tac-toe/node_modules/jest-circus/build/legacy-code-todo-rewrite/jestAdapterInit.js:135:21)\n    at jestAdapter (/var/tmp/Roost/RoostGPT/react-test-tic/1dbd8b20-931d-4eab-88f8-a4b0f46cca71/source/tic-tac-toe/node_modules/jest-circus/build/legacy-code-todo-rewrite/jestAdapter.js:92:19)\n    at runTestInternal (/var/tmp/Roost/RoostGPT/react-test-tic/1dbd8b20-931d-4eab-88f8-a4b0f46cca71/source/tic-tac-toe/node_modules/jest-runner/build/runTest.js:411:16)\n    at runTest (/var/tmp/Roost/RoostGPT/react-test-tic/1dbd8b20-931d-4eab-88f8-a4b0f46cca71/source/tic-tac-toe/node_modules/jest-runner/build/runTest.js:499:34)\n    at Object.worker (/var/tmp/Roost/RoostGPT/react-test-tic/1dbd8b20-931d-4eab-88f8-a4b0f46cca71/source/tic-tac-toe/node_modules/jest-runner/build/testWorker.js:133:12)"
          ],
          "fullName": "Square Component Tests renders Square component correctly",
          "invocations": 1,
          "location": null,
          "numPassingAsserts": 0,
          "retryReasons": [],
          "status": "failed",
          "title": "renders Square component correctly"
        },
        {
          "ancestorTitles": [
            "Square Component Tests"
          ],
          "duration": 10,
          "failureDetails": [
            {}
          ],
          "failureMessages": [
            "ReferenceError: React is not defined\n    at Square (/var/tmp/Roost/RoostGPT/react-test-tic/1dbd8b20-931d-4eab-88f8-a4b0f46cca71/source/tic-tac-toe/src/components/square/Square.js:2:3)\n    at renderWithHooks (/var/tmp/Roost/RoostGPT/react-test-tic/1dbd8b20-931d-4eab-88f8-a4b0f46cca71/source/tic-tac-toe/node_modules/react-dom/cjs/react-dom.development.js:16305:18)\n    at mountIndeterminateComponent (/var/tmp/Roost/RoostGPT/react-test-tic/1dbd8b20-931d-4eab-88f8-a4b0f46cca71/source/tic-tac-toe/node_modules/react-dom/cjs/react-dom.development.js:20074:13)\n    at beginWork (/var/tmp/Roost/RoostGPT/react-test-tic/1dbd8b20-931d-4eab-88f8-a4b0f46cca71/source/tic-tac-toe/node_modules/react-dom/cjs/react-dom.development.js:21587:16)\n    at beginWork$1 (/var/tmp/Roost/RoostGPT/react-test-tic/1dbd8b20-931d-4eab-88f8-a4b0f46cca71/source/tic-tac-toe/node_modules/react-dom/cjs/react-dom.development.js:27426:14)\n    at performUnitOfWork (/var/tmp/Roost/RoostGPT/react-test-tic/1dbd8b20-931d-4eab-88f8-a4b0f46cca71/source/tic-tac-toe/node_modules/react-dom/cjs/react-dom.development.js:26560:12)\n    at workLoopSync (/var/tmp/Roost/RoostGPT/react-test-tic/1dbd8b20-931d-4eab-88f8-a4b0f46cca71/source/tic-tac-toe/node_modules/react-dom/cjs/react-dom.development.js:26466:5)\n    at renderRootSync (/var/tmp/Roost/RoostGPT/react-test-tic/1dbd8b20-931d-4eab-88f8-a4b0f46cca71/source/tic-tac-toe/node_modules/react-dom/cjs/react-dom.development.js:26434:7)\n    at recoverFromConcurrentError (/var/tmp/Roost/RoostGPT/react-test-tic/1dbd8b20-931d-4eab-88f8-a4b0f46cca71/source/tic-tac-toe/node_modules/react-dom/cjs/react-dom.development.js:25850:20)\n    at performConcurrentWorkOnRoot (/var/tmp/Roost/RoostGPT/react-test-tic/1dbd8b20-931d-4eab-88f8-a4b0f46cca71/source/tic-tac-toe/node_modules/react-dom/cjs/react-dom.development.js:25750:22)\n    at flushActQueue (/var/tmp/Roost/RoostGPT/react-test-tic/1dbd8b20-931d-4eab-88f8-a4b0f46cca71/source/tic-tac-toe/node_modules/react/cjs/react.development.js:2667:24)\n    at act (/var/tmp/Roost/RoostGPT/react-test-tic/1dbd8b20-931d-4eab-88f8-a4b0f46cca71/source/tic-tac-toe/node_modules/react/cjs/react.development.js:2582:11)\n    at /var/tmp/Roost/RoostGPT/react-test-tic/1dbd8b20-931d-4eab-88f8-a4b0f46cca71/source/tic-tac-toe/node_modules/@testing-library/react/dist/act-compat.js:63:25\n    at renderRoot (/var/tmp/Roost/RoostGPT/react-test-tic/1dbd8b20-931d-4eab-88f8-a4b0f46cca71/source/tic-tac-toe/node_modules/@testing-library/react/dist/pure.js:159:26)\n    at render (/var/tmp/Roost/RoostGPT/react-test-tic/1dbd8b20-931d-4eab-88f8-a4b0f46cca71/source/tic-tac-toe/node_modules/@testing-library/react/dist/pure.js:246:10)\n    at Object.<anonymous> (/var/tmp/Roost/RoostGPT/react-test-tic/1dbd8b20-931d-4eab-88f8-a4b0f46cca71/source/tic-tac-toe/__tests__/src/components/square/Square.test.js:19:11)\n    at Promise.then.completed (/var/tmp/Roost/RoostGPT/react-test-tic/1dbd8b20-931d-4eab-88f8-a4b0f46cca71/source/tic-tac-toe/node_modules/jest-circus/build/utils.js:333:28)\n    at new Promise (<anonymous>)\n    at callAsyncCircusFn (/var/tmp/Roost/RoostGPT/react-test-tic/1dbd8b20-931d-4eab-88f8-a4b0f46cca71/source/tic-tac-toe/node_modules/jest-circus/build/utils.js:259:10)\n    at _callCircusTest (/var/tmp/Roost/RoostGPT/react-test-tic/1dbd8b20-931d-4eab-88f8-a4b0f46cca71/source/tic-tac-toe/node_modules/jest-circus/build/run.js:277:40)\n    at processTicksAndRejections (node:internal/process/task_queues:95:5)\n    at _runTest (/var/tmp/Roost/RoostGPT/react-test-tic/1dbd8b20-931d-4eab-88f8-a4b0f46cca71/source/tic-tac-toe/node_modules/jest-circus/build/run.js:209:3)\n    at _runTestsForDescribeBlock (/var/tmp/Roost/RoostGPT/react-test-tic/1dbd8b20-931d-4eab-88f8-a4b0f46cca71/source/tic-tac-toe/node_modules/jest-circus/build/run.js:97:9)\n    at _runTestsForDescribeBlock (/var/tmp/Roost/RoostGPT/react-test-tic/1dbd8b20-931d-4eab-88f8-a4b0f46cca71/source/tic-tac-toe/node_modules/jest-circus/build/run.js:91:9)\n    at run (/var/tmp/Roost/RoostGPT/react-test-tic/1dbd8b20-931d-4eab-88f8-a4b0f46cca71/source/tic-tac-toe/node_modules/jest-circus/build/run.js:31:3)\n    at runAndTransformResultsToJestFormat (/var/tmp/Roost/RoostGPT/react-test-tic/1dbd8b20-931d-4eab-88f8-a4b0f46cca71/source/tic-tac-toe/node_modules/jest-circus/build/legacy-code-todo-rewrite/jestAdapterInit.js:135:21)\n    at jestAdapter (/var/tmp/Roost/RoostGPT/react-test-tic/1dbd8b20-931d-4eab-88f8-a4b0f46cca71/source/tic-tac-toe/node_modules/jest-circus/build/legacy-code-todo-rewrite/jestAdapter.js:92:19)\n    at runTestInternal (/var/tmp/Roost/RoostGPT/react-test-tic/1dbd8b20-931d-4eab-88f8-a4b0f46cca71/source/tic-tac-toe/node_modules/jest-runner/build/runTest.js:411:16)\n    at runTest (/var/tmp/Roost/RoostGPT/react-test-tic/1dbd8b20-931d-4eab-88f8-a4b0f46cca71/source/tic-tac-toe/node_modules/jest-runner/build/runTest.js:499:34)\n    at Object.worker (/var/tmp/Roost/RoostGPT/react-test-tic/1dbd8b20-931d-4eab-88f8-a4b0f46cca71/source/tic-tac-toe/node_modules/jest-runner/build/testWorker.js:133:12)"
          ],
          "fullName": "Square Component Tests calls provided onClick event on click",
          "invocations": 1,
          "location": null,
          "numPassingAsserts": 0,
          "retryReasons": [],
          "status": "failed",
          "title": "calls provided onClick event on click"
        },
        {
          "ancestorTitles": [
            "Square Component Tests"
          ],
          "duration": 12,
          "failureDetails": [
            {}
          ],
          "failureMessages": [
            "ReferenceError: React is not defined\n    at Square (/var/tmp/Roost/RoostGPT/react-test-tic/1dbd8b20-931d-4eab-88f8-a4b0f46cca71/source/tic-tac-toe/src/components/square/Square.js:2:3)\n    at renderWithHooks (/var/tmp/Roost/RoostGPT/react-test-tic/1dbd8b20-931d-4eab-88f8-a4b0f46cca71/source/tic-tac-toe/node_modules/react-dom/cjs/react-dom.development.js:16305:18)\n    at mountIndeterminateComponent (/var/tmp/Roost/RoostGPT/react-test-tic/1dbd8b20-931d-4eab-88f8-a4b0f46cca71/source/tic-tac-toe/node_modules/react-dom/cjs/react-dom.development.js:20074:13)\n    at beginWork (/var/tmp/Roost/RoostGPT/react-test-tic/1dbd8b20-931d-4eab-88f8-a4b0f46cca71/source/tic-tac-toe/node_modules/react-dom/cjs/react-dom.development.js:21587:16)\n    at beginWork$1 (/var/tmp/Roost/RoostGPT/react-test-tic/1dbd8b20-931d-4eab-88f8-a4b0f46cca71/source/tic-tac-toe/node_modules/react-dom/cjs/react-dom.development.js:27426:14)\n    at performUnitOfWork (/var/tmp/Roost/RoostGPT/react-test-tic/1dbd8b20-931d-4eab-88f8-a4b0f46cca71/source/tic-tac-toe/node_modules/react-dom/cjs/react-dom.development.js:26560:12)\n    at workLoopSync (/var/tmp/Roost/RoostGPT/react-test-tic/1dbd8b20-931d-4eab-88f8-a4b0f46cca71/source/tic-tac-toe/node_modules/react-dom/cjs/react-dom.development.js:26466:5)\n    at renderRootSync (/var/tmp/Roost/RoostGPT/react-test-tic/1dbd8b20-931d-4eab-88f8-a4b0f46cca71/source/tic-tac-toe/node_modules/react-dom/cjs/react-dom.development.js:26434:7)\n    at recoverFromConcurrentError (/var/tmp/Roost/RoostGPT/react-test-tic/1dbd8b20-931d-4eab-88f8-a4b0f46cca71/source/tic-tac-toe/node_modules/react-dom/cjs/react-dom.development.js:25850:20)\n    at performConcurrentWorkOnRoot (/var/tmp/Roost/RoostGPT/react-test-tic/1dbd8b20-931d-4eab-88f8-a4b0f46cca71/source/tic-tac-toe/node_modules/react-dom/cjs/react-dom.development.js:25750:22)\n    at flushActQueue (/var/tmp/Roost/RoostGPT/react-test-tic/1dbd8b20-931d-4eab-88f8-a4b0f46cca71/source/tic-tac-toe/node_modules/react/cjs/react.development.js:2667:24)\n    at act (/var/tmp/Roost/RoostGPT/react-test-tic/1dbd8b20-931d-4eab-88f8-a4b0f46cca71/source/tic-tac-toe/node_modules/react/cjs/react.development.js:2582:11)\n    at /var/tmp/Roost/RoostGPT/react-test-tic/1dbd8b20-931d-4eab-88f8-a4b0f46cca71/source/tic-tac-toe/node_modules/@testing-library/react/dist/act-compat.js:63:25\n    at renderRoot (/var/tmp/Roost/RoostGPT/react-test-tic/1dbd8b20-931d-4eab-88f8-a4b0f46cca71/source/tic-tac-toe/node_modules/@testing-library/react/dist/pure.js:159:26)\n    at render (/var/tmp/Roost/RoostGPT/react-test-tic/1dbd8b20-931d-4eab-88f8-a4b0f46cca71/source/tic-tac-toe/node_modules/@testing-library/react/dist/pure.js:246:10)\n    at Object.<anonymous> (/var/tmp/Roost/RoostGPT/react-test-tic/1dbd8b20-931d-4eab-88f8-a4b0f46cca71/source/tic-tac-toe/__tests__/src/components/square/Square.test.js:25:33)\n    at Promise.then.completed (/var/tmp/Roost/RoostGPT/react-test-tic/1dbd8b20-931d-4eab-88f8-a4b0f46cca71/source/tic-tac-toe/node_modules/jest-circus/build/utils.js:333:28)\n    at new Promise (<anonymous>)\n    at callAsyncCircusFn (/var/tmp/Roost/RoostGPT/react-test-tic/1dbd8b20-931d-4eab-88f8-a4b0f46cca71/source/tic-tac-toe/node_modules/jest-circus/build/utils.js:259:10)\n    at _callCircusTest (/var/tmp/Roost/RoostGPT/react-test-tic/1dbd8b20-931d-4eab-88f8-a4b0f46cca71/source/tic-tac-toe/node_modules/jest-circus/build/run.js:277:40)\n    at processTicksAndRejections (node:internal/process/task_queues:95:5)\n    at _runTest (/var/tmp/Roost/RoostGPT/react-test-tic/1dbd8b20-931d-4eab-88f8-a4b0f46cca71/source/tic-tac-toe/node_modules/jest-circus/build/run.js:209:3)\n    at _runTestsForDescribeBlock (/var/tmp/Roost/RoostGPT/react-test-tic/1dbd8b20-931d-4eab-88f8-a4b0f46cca71/source/tic-tac-toe/node_modules/jest-circus/build/run.js:97:9)\n    at _runTestsForDescribeBlock (/var/tmp/Roost/RoostGPT/react-test-tic/1dbd8b20-931d-4eab-88f8-a4b0f46cca71/source/tic-tac-toe/node_modules/jest-circus/build/run.js:91:9)\n    at run (/var/tmp/Roost/RoostGPT/react-test-tic/1dbd8b20-931d-4eab-88f8-a4b0f46cca71/source/tic-tac-toe/node_modules/jest-circus/build/run.js:31:3)\n    at runAndTransformResultsToJestFormat (/var/tmp/Roost/RoostGPT/react-test-tic/1dbd8b20-931d-4eab-88f8-a4b0f46cca71/source/tic-tac-toe/node_modules/jest-circus/build/legacy-code-todo-rewrite/jestAdapterInit.js:135:21)\n    at jestAdapter (/var/tmp/Roost/RoostGPT/react-test-tic/1dbd8b20-931d-4eab-88f8-a4b0f46cca71/source/tic-tac-toe/node_modules/jest-circus/build/legacy-code-todo-rewrite/jestAdapter.js:92:19)\n    at runTestInternal (/var/tmp/Roost/RoostGPT/react-test-tic/1dbd8b20-931d-4eab-88f8-a4b0f46cca71/source/tic-tac-toe/node_modules/jest-runner/build/runTest.js:411:16)\n    at runTest (/var/tmp/Roost/RoostGPT/react-test-tic/1dbd8b20-931d-4eab-88f8-a4b0f46cca71/source/tic-tac-toe/node_modules/jest-runner/build/runTest.js:499:34)\n    at Object.worker (/var/tmp/Roost/RoostGPT/react-test-tic/1dbd8b20-931d-4eab-88f8-a4b0f46cca71/source/tic-tac-toe/node_modules/jest-runner/build/testWorker.js:133:12)"
          ],
          "fullName": "Square Component Tests handles onClick being null without crashing",
          "invocations": 1,
          "location": null,
          "numPassingAsserts": 0,
          "retryReasons": [],
          "status": "failed",
          "title": "handles onClick being null without crashing"
        },
        {
          "ancestorTitles": [
            "Square Component Tests"
          ],
          "duration": 26,
          "failureDetails": [
            {}
          ],
          "failureMessages": [
            "ReferenceError: React is not defined\n    at Square (/var/tmp/Roost/RoostGPT/react-test-tic/1dbd8b20-931d-4eab-88f8-a4b0f46cca71/source/tic-tac-toe/src/components/square/Square.js:2:3)\n    at renderWithHooks (/var/tmp/Roost/RoostGPT/react-test-tic/1dbd8b20-931d-4eab-88f8-a4b0f46cca71/source/tic-tac-toe/node_modules/react-dom/cjs/react-dom.development.js:16305:18)\n    at mountIndeterminateComponent (/var/tmp/Roost/RoostGPT/react-test-tic/1dbd8b20-931d-4eab-88f8-a4b0f46cca71/source/tic-tac-toe/node_modules/react-dom/cjs/react-dom.development.js:20074:13)\n    at beginWork (/var/tmp/Roost/RoostGPT/react-test-tic/1dbd8b20-931d-4eab-88f8-a4b0f46cca71/source/tic-tac-toe/node_modules/react-dom/cjs/react-dom.development.js:21587:16)\n    at beginWork$1 (/var/tmp/Roost/RoostGPT/react-test-tic/1dbd8b20-931d-4eab-88f8-a4b0f46cca71/source/tic-tac-toe/node_modules/react-dom/cjs/react-dom.development.js:27426:14)\n    at performUnitOfWork (/var/tmp/Roost/RoostGPT/react-test-tic/1dbd8b20-931d-4eab-88f8-a4b0f46cca71/source/tic-tac-toe/node_modules/react-dom/cjs/react-dom.development.js:26560:12)\n    at workLoopSync (/var/tmp/Roost/RoostGPT/react-test-tic/1dbd8b20-931d-4eab-88f8-a4b0f46cca71/source/tic-tac-toe/node_modules/react-dom/cjs/react-dom.development.js:26466:5)\n    at renderRootSync (/var/tmp/Roost/RoostGPT/react-test-tic/1dbd8b20-931d-4eab-88f8-a4b0f46cca71/source/tic-tac-toe/node_modules/react-dom/cjs/react-dom.development.js:26434:7)\n    at recoverFromConcurrentError (/var/tmp/Roost/RoostGPT/react-test-tic/1dbd8b20-931d-4eab-88f8-a4b0f46cca71/source/tic-tac-toe/node_modules/react-dom/cjs/react-dom.development.js:25850:20)\n    at performConcurrentWorkOnRoot (/var/tmp/Roost/RoostGPT/react-test-tic/1dbd8b20-931d-4eab-88f8-a4b0f46cca71/source/tic-tac-toe/node_modules/react-dom/cjs/react-dom.development.js:25750:22)\n    at flushActQueue (/var/tmp/Roost/RoostGPT/react-test-tic/1dbd8b20-931d-4eab-88f8-a4b0f46cca71/source/tic-tac-toe/node_modules/react/cjs/react.development.js:2667:24)\n    at act (/var/tmp/Roost/RoostGPT/react-test-tic/1dbd8b20-931d-4eab-88f8-a4b0f46cca71/source/tic-tac-toe/node_modules/react/cjs/react.development.js:2582:11)\n    at /var/tmp/Roost/RoostGPT/react-test-tic/1dbd8b20-931d-4eab-88f8-a4b0f46cca71/source/tic-tac-toe/node_modules/@testing-library/react/dist/act-compat.js:63:25\n    at renderRoot (/var/tmp/Roost/RoostGPT/react-test-tic/1dbd8b20-931d-4eab-88f8-a4b0f46cca71/source/tic-tac-toe/node_modules/@testing-library/react/dist/pure.js:159:26)\n    at render (/var/tmp/Roost/RoostGPT/react-test-tic/1dbd8b20-931d-4eab-88f8-a4b0f46cca71/source/tic-tac-toe/node_modules/@testing-library/react/dist/pure.js:246:10)\n    at Object.<anonymous> (/var/tmp/Roost/RoostGPT/react-test-tic/1dbd8b20-931d-4eab-88f8-a4b0f46cca71/source/tic-tac-toe/__tests__/src/components/square/Square.test.js:31:11)\n    at Promise.then.completed (/var/tmp/Roost/RoostGPT/react-test-tic/1dbd8b20-931d-4eab-88f8-a4b0f46cca71/source/tic-tac-toe/node_modules/jest-circus/build/utils.js:333:28)\n    at new Promise (<anonymous>)\n    at callAsyncCircusFn (/var/tmp/Roost/RoostGPT/react-test-tic/1dbd8b20-931d-4eab-88f8-a4b0f46cca71/source/tic-tac-toe/node_modules/jest-circus/build/utils.js:259:10)\n    at _callCircusTest (/var/tmp/Roost/RoostGPT/react-test-tic/1dbd8b20-931d-4eab-88f8-a4b0f46cca71/source/tic-tac-toe/node_modules/jest-circus/build/run.js:277:40)\n    at processTicksAndRejections (node:internal/process/task_queues:95:5)\n    at _runTest (/var/tmp/Roost/RoostGPT/react-test-tic/1dbd8b20-931d-4eab-88f8-a4b0f46cca71/source/tic-tac-toe/node_modules/jest-circus/build/run.js:209:3)\n    at _runTestsForDescribeBlock (/var/tmp/Roost/RoostGPT/react-test-tic/1dbd8b20-931d-4eab-88f8-a4b0f46cca71/source/tic-tac-toe/node_modules/jest-circus/build/run.js:97:9)\n    at _runTestsForDescribeBlock (/var/tmp/Roost/RoostGPT/react-test-tic/1dbd8b20-931d-4eab-88f8-a4b0f46cca71/source/tic-tac-toe/node_modules/jest-circus/build/run.js:91:9)\n    at run (/var/tmp/Roost/RoostGPT/react-test-tic/1dbd8b20-931d-4eab-88f8-a4b0f46cca71/source/tic-tac-toe/node_modules/jest-circus/build/run.js:31:3)\n    at runAndTransformResultsToJestFormat (/var/tmp/Roost/RoostGPT/react-test-tic/1dbd8b20-931d-4eab-88f8-a4b0f46cca71/source/tic-tac-toe/node_modules/jest-circus/build/legacy-code-todo-rewrite/jestAdapterInit.js:135:21)\n    at jestAdapter (/var/tmp/Roost/RoostGPT/react-test-tic/1dbd8b20-931d-4eab-88f8-a4b0f46cca71/source/tic-tac-toe/node_modules/jest-circus/build/legacy-code-todo-rewrite/jestAdapter.js:92:19)\n    at runTestInternal (/var/tmp/Roost/RoostGPT/react-test-tic/1dbd8b20-931d-4eab-88f8-a4b0f46cca71/source/tic-tac-toe/node_modules/jest-runner/build/runTest.js:411:16)\n    at runTest (/var/tmp/Roost/RoostGPT/react-test-tic/1dbd8b20-931d-4eab-88f8-a4b0f46cca71/source/tic-tac-toe/node_modules/jest-runner/build/runTest.js:499:34)\n    at Object.worker (/var/tmp/Roost/RoostGPT/react-test-tic/1dbd8b20-931d-4eab-88f8-a4b0f46cca71/source/tic-tac-toe/node_modules/jest-runner/build/testWorker.js:133:12)"
          ],
          "fullName": "Square Component Tests renders correctly with undefined value and onClick not throwing errors",
          "invocations": 1,
          "location": null,
          "numPassingAsserts": 0,
          "retryReasons": [],
          "status": "failed",
          "title": "renders correctly with undefined value and onClick not throwing errors"
        },
        {
          "ancestorTitles": [
            "Square Component Tests"
          ],
          "duration": 9,
          "failureDetails": [
            {}
          ],
          "failureMessages": [
            "ReferenceError: React is not defined\n    at Square (/var/tmp/Roost/RoostGPT/react-test-tic/1dbd8b20-931d-4eab-88f8-a4b0f46cca71/source/tic-tac-toe/src/components/square/Square.js:2:3)\n    at renderWithHooks (/var/tmp/Roost/RoostGPT/react-test-tic/1dbd8b20-931d-4eab-88f8-a4b0f46cca71/source/tic-tac-toe/node_modules/react-dom/cjs/react-dom.development.js:16305:18)\n    at mountIndeterminateComponent (/var/tmp/Roost/RoostGPT/react-test-tic/1dbd8b20-931d-4eab-88f8-a4b0f46cca71/source/tic-tac-toe/node_modules/react-dom/cjs/react-dom.development.js:20074:13)\n    at beginWork (/var/tmp/Roost/RoostGPT/react-test-tic/1dbd8b20-931d-4eab-88f8-a4b0f46cca71/source/tic-tac-toe/node_modules/react-dom/cjs/react-dom.development.js:21587:16)\n    at beginWork$1 (/var/tmp/Roost/RoostGPT/react-test-tic/1dbd8b20-931d-4eab-88f8-a4b0f46cca71/source/tic-tac-toe/node_modules/react-dom/cjs/react-dom.development.js:27426:14)\n    at performUnitOfWork (/var/tmp/Roost/RoostGPT/react-test-tic/1dbd8b20-931d-4eab-88f8-a4b0f46cca71/source/tic-tac-toe/node_modules/react-dom/cjs/react-dom.development.js:26560:12)\n    at workLoopSync (/var/tmp/Roost/RoostGPT/react-test-tic/1dbd8b20-931d-4eab-88f8-a4b0f46cca71/source/tic-tac-toe/node_modules/react-dom/cjs/react-dom.development.js:26466:5)\n    at renderRootSync (/var/tmp/Roost/RoostGPT/react-test-tic/1dbd8b20-931d-4eab-88f8-a4b0f46cca71/source/tic-tac-toe/node_modules/react-dom/cjs/react-dom.development.js:26434:7)\n    at recoverFromConcurrentError (/var/tmp/Roost/RoostGPT/react-test-tic/1dbd8b20-931d-4eab-88f8-a4b0f46cca71/source/tic-tac-toe/node_modules/react-dom/cjs/react-dom.development.js:25850:20)\n    at performConcurrentWorkOnRoot (/var/tmp/Roost/RoostGPT/react-test-tic/1dbd8b20-931d-4eab-88f8-a4b0f46cca71/source/tic-tac-toe/node_modules/react-dom/cjs/react-dom.development.js:25750:22)\n    at flushActQueue (/var/tmp/Roost/RoostGPT/react-test-tic/1dbd8b20-931d-4eab-88f8-a4b0f46cca71/source/tic-tac-toe/node_modules/react/cjs/react.development.js:2667:24)\n    at act (/var/tmp/Roost/RoostGPT/react-test-tic/1dbd8b20-931d-4eab-88f8-a4b0f46cca71/source/tic-tac-toe/node_modules/react/cjs/react.development.js:2582:11)\n    at /var/tmp/Roost/RoostGPT/react-test-tic/1dbd8b20-931d-4eab-88f8-a4b0f46cca71/source/tic-tac-toe/node_modules/@testing-library/react/dist/act-compat.js:63:25\n    at renderRoot (/var/tmp/Roost/RoostGPT/react-test-tic/1dbd8b20-931d-4eab-88f8-a4b0f46cca71/source/tic-tac-toe/node_modules/@testing-library/react/dist/pure.js:159:26)\n    at render (/var/tmp/Roost/RoostGPT/react-test-tic/1dbd8b20-931d-4eab-88f8-a4b0f46cca71/source/tic-tac-toe/node_modules/@testing-library/react/dist/pure.js:246:10)\n    at Object.<anonymous> (/var/tmp/Roost/RoostGPT/react-test-tic/1dbd8b20-931d-4eab-88f8-a4b0f46cca71/source/tic-tac-toe/__tests__/src/components/square/Square.test.js:38:11)\n    at Promise.then.completed (/var/tmp/Roost/RoostGPT/react-test-tic/1dbd8b20-931d-4eab-88f8-a4b0f46cca71/source/tic-tac-toe/node_modules/jest-circus/build/utils.js:333:28)\n    at new Promise (<anonymous>)\n    at callAsyncCircusFn (/var/tmp/Roost/RoostGPT/react-test-tic/1dbd8b20-931d-4eab-88f8-a4b0f46cca71/source/tic-tac-toe/node_modules/jest-circus/build/utils.js:259:10)\n    at _callCircusTest (/var/tmp/Roost/RoostGPT/react-test-tic/1dbd8b20-931d-4eab-88f8-a4b0f46cca71/source/tic-tac-toe/node_modules/jest-circus/build/run.js:277:40)\n    at processTicksAndRejections (node:internal/process/task_queues:95:5)\n    at _runTest (/var/tmp/Roost/RoostGPT/react-test-tic/1dbd8b20-931d-4eab-88f8-a4b0f46cca71/source/tic-tac-toe/node_modules/jest-circus/build/run.js:209:3)\n    at _runTestsForDescribeBlock (/var/tmp/Roost/RoostGPT/react-test-tic/1dbd8b20-931d-4eab-88f8-a4b0f46cca71/source/tic-tac-toe/node_modules/jest-circus/build/run.js:97:9)\n    at _runTestsForDescribeBlock (/var/tmp/Roost/RoostGPT/react-test-tic/1dbd8b20-931d-4eab-88f8-a4b0f46cca71/source/tic-tac-toe/node_modules/jest-circus/build/run.js:91:9)\n    at run (/var/tmp/Roost/RoostGPT/react-test-tic/1dbd8b20-931d-4eab-88f8-a4b0f46cca71/source/tic-tac-toe/node_modules/jest-circus/build/run.js:31:3)\n    at runAndTransformResultsToJestFormat (/var/tmp/Roost/RoostGPT/react-test-tic/1dbd8b20-931d-4eab-88f8-a4b0f46cca71/source/tic-tac-toe/node_modules/jest-circus/build/legacy-code-todo-rewrite/jestAdapterInit.js:135:21)\n    at jestAdapter (/var/tmp/Roost/RoostGPT/react-test-tic/1dbd8b20-931d-4eab-88f8-a4b0f46cca71/source/tic-tac-toe/node_modules/jest-circus/build/legacy-code-todo-rewrite/jestAdapter.js:92:19)\n    at runTestInternal (/var/tmp/Roost/RoostGPT/react-test-tic/1dbd8b20-931d-4eab-88f8-a4b0f46cca71/source/tic-tac-toe/node_modules/jest-runner/build/runTest.js:411:16)\n    at runTest (/var/tmp/Roost/RoostGPT/react-test-tic/1dbd8b20-931d-4eab-88f8-a4b0f46cca71/source/tic-tac-toe/node_modules/jest-runner/build/runTest.js:499:34)\n    at Object.worker (/var/tmp/Roost/RoostGPT/react-test-tic/1dbd8b20-931d-4eab-88f8-a4b0f46cca71/source/tic-tac-toe/node_modules/jest-runner/build/testWorker.js:133:12)"
          ],
          "fullName": "Square Component Tests renders Square with leading and trailing whitespace correctly",
          "invocations": 1,
          "location": null,
          "numPassingAsserts": 0,
          "retryReasons": [],
          "status": "failed",
          "title": "renders Square with leading and trailing whitespace correctly"
        }
      ],
      "failureMessage": "  ● Square Component Tests › renders Square component correctly\n\n    ReferenceError: React is not defined\n\n      1 | const Square = ({ value, onClick }) => {\n    > 2 |   return (\n        |   ^\n      3 |     <button className=\"square\" onClick={onClick}>\n      4 |       {value}\n      5 |     </button>\n\n      at Square (src/components/square/Square.js:2:3)\n      at renderWithHooks (node_modules/react-dom/cjs/react-dom.development.js:16305:18)\n      at mountIndeterminateComponent (node_modules/react-dom/cjs/react-dom.development.js:20074:13)\n      at beginWork (node_modules/react-dom/cjs/react-dom.development.js:21587:16)\n      at beginWork$1 (node_modules/react-dom/cjs/react-dom.development.js:27426:14)\n      at performUnitOfWork (node_modules/react-dom/cjs/react-dom.development.js:26560:12)\n      at workLoopSync (node_modules/react-dom/cjs/react-dom.development.js:26466:5)\n      at renderRootSync (node_modules/react-dom/cjs/react-dom.development.js:26434:7)\n      at recoverFromConcurrentError (node_modules/react-dom/cjs/react-dom.development.js:25850:20)\n      at performConcurrentWorkOnRoot (node_modules/react-dom/cjs/react-dom.development.js:25750:22)\n      at flushActQueue (node_modules/react/cjs/react.development.js:2667:24)\n      at act (node_modules/react/cjs/react.development.js:2582:11)\n      at node_modules/@testing-library/react/dist/act-compat.js:63:25\n      at renderRoot (node_modules/@testing-library/react/dist/pure.js:159:26)\n      at render (node_modules/@testing-library/react/dist/pure.js:246:10)\n      at Object.<anonymous> (__tests__/src/components/square/Square.test.js:13:11)\n\n  ● Square Component Tests › calls provided onClick event on click\n\n    ReferenceError: React is not defined\n\n      1 | const Square = ({ value, onClick }) => {\n    > 2 |   return (\n        |   ^\n      3 |     <button className=\"square\" onClick={onClick}>\n      4 |       {value}\n      5 |     </button>\n\n      at Square (src/components/square/Square.js:2:3)\n      at renderWithHooks (node_modules/react-dom/cjs/react-dom.development.js:16305:18)\n      at mountIndeterminateComponent (node_modules/react-dom/cjs/react-dom.development.js:20074:13)\n      at beginWork (node_modules/react-dom/cjs/react-dom.development.js:21587:16)\n      at beginWork$1 (node_modules/react-dom/cjs/react-dom.development.js:27426:14)\n      at performUnitOfWork (node_modules/react-dom/cjs/react-dom.development.js:26560:12)\n      at workLoopSync (node_modules/react-dom/cjs/react-dom.development.js:26466:5)\n      at renderRootSync (node_modules/react-dom/cjs/react-dom.development.js:26434:7)\n      at recoverFromConcurrentError (node_modules/react-dom/cjs/react-dom.development.js:25850:20)\n      at performConcurrentWorkOnRoot (node_modules/react-dom/cjs/react-dom.development.js:25750:22)\n      at flushActQueue (node_modules/react/cjs/react.development.js:2667:24)\n      at act (node_modules/react/cjs/react.development.js:2582:11)\n      at node_modules/@testing-library/react/dist/act-compat.js:63:25\n      at renderRoot (node_modules/@testing-library/react/dist/pure.js:159:26)\n      at render (node_modules/@testing-library/react/dist/pure.js:246:10)\n      at Object.<anonymous> (__tests__/src/components/square/Square.test.js:19:11)\n\n  ● Square Component Tests › handles onClick being null without crashing\n\n    ReferenceError: React is not defined\n\n      1 | const Square = ({ value, onClick }) => {\n    > 2 |   return (\n        |   ^\n      3 |     <button className=\"square\" onClick={onClick}>\n      4 |       {value}\n      5 |     </button>\n\n      at Square (src/components/square/Square.js:2:3)\n      at renderWithHooks (node_modules/react-dom/cjs/react-dom.development.js:16305:18)\n      at mountIndeterminateComponent (node_modules/react-dom/cjs/react-dom.development.js:20074:13)\n      at beginWork (node_modules/react-dom/cjs/react-dom.development.js:21587:16)\n      at beginWork$1 (node_modules/react-dom/cjs/react-dom.development.js:27426:14)\n      at performUnitOfWork (node_modules/react-dom/cjs/react-dom.development.js:26560:12)\n      at workLoopSync (node_modules/react-dom/cjs/react-dom.development.js:26466:5)\n      at renderRootSync (node_modules/react-dom/cjs/react-dom.development.js:26434:7)\n      at recoverFromConcurrentError (node_modules/react-dom/cjs/react-dom.development.js:25850:20)\n      at performConcurrentWorkOnRoot (node_modules/react-dom/cjs/react-dom.development.js:25750:22)\n      at flushActQueue (node_modules/react/cjs/react.development.js:2667:24)\n      at act (node_modules/react/cjs/react.development.js:2582:11)\n      at node_modules/@testing-library/react/dist/act-compat.js:63:25\n      at renderRoot (node_modules/@testing-library/react/dist/pure.js:159:26)\n      at render (node_modules/@testing-library/react/dist/pure.js:246:10)\n      at Object.<anonymous> (__tests__/src/components/square/Square.test.js:25:33)\n\n  ● Square Component Tests › renders correctly with undefined value and onClick not throwing errors\n\n    ReferenceError: React is not defined\n\n      1 | const Square = ({ value, onClick }) => {\n    > 2 |   return (\n        |   ^\n      3 |     <button className=\"square\" onClick={onClick}>\n      4 |       {value}\n      5 |     </button>\n\n      at Square (src/components/square/Square.js:2:3)\n      at renderWithHooks (node_modules/react-dom/cjs/react-dom.development.js:16305:18)\n      at mountIndeterminateComponent (node_modules/react-dom/cjs/react-dom.development.js:20074:13)\n      at beginWork (node_modules/react-dom/cjs/react-dom.development.js:21587:16)\n      at beginWork$1 (node_modules/react-dom/cjs/react-dom.development.js:27426:14)\n      at performUnitOfWork (node_modules/react-dom/cjs/react-dom.development.js:26560:12)\n      at workLoopSync (node_modules/react-dom/cjs/react-dom.development.js:26466:5)\n      at renderRootSync (node_modules/react-dom/cjs/react-dom.development.js:26434:7)\n      at recoverFromConcurrentError (node_modules/react-dom/cjs/react-dom.development.js:25850:20)\n      at performConcurrentWorkOnRoot (node_modules/react-dom/cjs/react-dom.development.js:25750:22)\n      at flushActQueue (node_modules/react/cjs/react.development.js:2667:24)\n      at act (node_modules/react/cjs/react.development.js:2582:11)\n      at node_modules/@testing-library/react/dist/act-compat.js:63:25\n      at renderRoot (node_modules/@testing-library/react/dist/pure.js:159:26)\n      at render (node_modules/@testing-library/react/dist/pure.js:246:10)\n      at Object.<anonymous> (__tests__/src/components/square/Square.test.js:31:11)\n\n  ● Square Component Tests › renders Square with leading and trailing whitespace correctly\n\n    ReferenceError: React is not defined\n\n      1 | const Square = ({ value, onClick }) => {\n    > 2 |   return (\n        |   ^\n      3 |     <button className=\"square\" onClick={onClick}>\n      4 |       {value}\n      5 |     </button>\n\n      at Square (src/components/square/Square.js:2:3)\n      at renderWithHooks (node_modules/react-dom/cjs/react-dom.development.js:16305:18)\n      at mountIndeterminateComponent (node_modules/react-dom/cjs/react-dom.development.js:20074:13)\n      at beginWork (node_modules/react-dom/cjs/react-dom.development.js:21587:16)\n      at beginWork$1 (node_modules/react-dom/cjs/react-dom.development.js:27426:14)\n      at performUnitOfWork (node_modules/react-dom/cjs/react-dom.development.js:26560:12)\n      at workLoopSync (node_modules/react-dom/cjs/react-dom.development.js:26466:5)\n      at renderRootSync (node_modules/react-dom/cjs/react-dom.development.js:26434:7)\n      at recoverFromConcurrentError (node_modules/react-dom/cjs/react-dom.development.js:25850:20)\n      at performConcurrentWorkOnRoot (node_modules/react-dom/cjs/react-dom.development.js:25750:22)\n      at flushActQueue (node_modules/react/cjs/react.development.js:2667:24)\n      at act (node_modules/react/cjs/react.development.js:2582:11)\n      at node_modules/@testing-library/react/dist/act-compat.js:63:25\n      at renderRoot (node_modules/@testing-library/react/dist/pure.js:159:26)\n      at render (node_modules/@testing-library/react/dist/pure.js:246:10)\n      at Object.<anonymous> (__tests__/src/components/square/Square.test.js:38:11)\n"
    },
    {
      "failureMessage": "  ● Test suite failed to run\n\n    Cannot find module '../src/components/GameInfo' from '__tests__/src/components/game-info/GameInfo.test.js'\n\n       7 | // Importing necessary libraries\n       8 | import { render, screen } from '@testing-library/react';\n    >  9 | import GameInfo from '../src/components/GameInfo';\n         | ^\n      10 |\n      11 | // Test suite for GameInfo component\n      12 | describe('GameInfo Component Tests', () => {\n\n      at Resolver._throwModNotFoundError (node_modules/jest-runtime/node_modules/jest-resolve/build/resolver.js:491:11)\n      at Object.require (__tests__/src/components/game-info/GameInfo.test.js:9:1)\n",
      "leaks": false,
      "numFailingTests": 0,
      "numPassingTests": 0,
      "numPendingTests": 0,
      "numTodoTests": 0,
      "openHandles": [],
      "perfStats": {
        "end": 0,
        "runtime": 0,
        "slow": false,
        "start": 0
      },
      "skipped": false,
      "snapshot": {
        "added": 0,
        "fileDeleted": false,
        "matched": 0,
        "unchecked": 0,
        "uncheckedKeys": [],
        "unmatched": 0,
        "updated": 0
      },
      "testExecError": "Cannot find module '../src/components/GameInfo' from '__tests__/src/components/game-info/GameInfo.test.js'",
      "testFilePath": "/var/tmp/Roost/RoostGPT/react-test-tic/1dbd8b20-931d-4eab-88f8-a4b0f46cca71/source/tic-tac-toe/__tests__/src/components/game-info/GameInfo.test.js",
      "testResults": []
    }
  ],
  "wasInterrupted": false
}