{"/var/tmp/Roost/RoostGPT/react-test-tic/1dbd8b20-931d-4eab-88f8-a4b0f46cca71/source/tic-tac-toe/src/reportWebVitals.js": {"path":"/var/tmp/Roost/RoostGPT/react-test-tic/1dbd8b20-931d-4eab-88f8-a4b0f46cca71/source/tic-tac-toe/src/reportWebVitals.js","statementMap":{"0":{"start":{"line":1,"column":24},"end":{"line":11,"column":1}},"1":{"start":{"line":2,"column":2},"end":{"line":10,"column":3}},"2":{"start":{"line":3,"column":4},"end":{"line":9,"column":7}},"3":{"start":{"line":4,"column":6},"end":{"line":4,"column":26}},"4":{"start":{"line":5,"column":6},"end":{"line":5,"column":26}},"5":{"start":{"line":6,"column":6},"end":{"line":6,"column":26}},"6":{"start":{"line":7,"column":6},"end":{"line":7,"column":26}},"7":{"start":{"line":8,"column":6},"end":{"line":8,"column":27}}},"fnMap":{"0":{"name":"(anonymous_0)","decl":{"start":{"line":1,"column":24},"end":{"line":1,"column":25}},"loc":{"start":{"line":1,"column":39},"end":{"line":11,"column":1}},"line":1},"1":{"name":"(anonymous_1)","decl":{"start":{"line":3,"column":30},"end":{"line":3,"column":31}},"loc":{"start":{"line":3,"column":79},"end":{"line":9,"column":5}},"line":3}},"branchMap":{"0":{"loc":{"start":{"line":2,"column":2},"end":{"line":10,"column":3}},"type":"if","locations":[{"start":{"line":2,"column":2},"end":{"line":10,"column":3}},{"start":{},"end":{}}],"line":2},"1":{"loc":{"start":{"line":2,"column":6},"end":{"line":2,"column":52}},"type":"binary-expr","locations":[{"start":{"line":2,"column":6},"end":{"line":2,"column":17}},{"start":{"line":2,"column":21},"end":{"line":2,"column":52}}],"line":2}},"s":{"0":1,"1":0,"2":0,"3":0,"4":0,"5":0,"6":0,"7":0},"f":{"0":0,"1":0},"b":{"0":[0,0],"1":[0,0]},"_coverageSchema":"1a1c01bbd47fc00a2c39e90264f33305004495a9","hash":"38cfa6c240c472ddb6255800c52689fc59c332ff"}
,"/var/tmp/Roost/RoostGPT/react-test-tic/1dbd8b20-931d-4eab-88f8-a4b0f46cca71/source/tic-tac-toe/src/components/moves/Moves.js": {"path":"/var/tmp/Roost/RoostGPT/react-test-tic/1dbd8b20-931d-4eab-88f8-a4b0f46cca71/source/tic-tac-toe/src/components/moves/Moves.js","statementMap":{"0":{"start":{"line":3,"column":14},"end":{"line":13,"column":1}},"1":{"start":{"line":4,"column":16},"end":{"line":11,"column":4}},"2":{"start":{"line":5,"column":17},"end":{"line":5,"column":66}},"3":{"start":{"line":6,"column":4},"end":{"line":10,"column":5}},"4":{"start":{"line":8,"column":31},"end":{"line":8,"column":43}},"5":{"start":{"line":12,"column":2},"end":{"line":12,"column":49}}},"fnMap":{"0":{"name":"(anonymous_0)","decl":{"start":{"line":3,"column":14},"end":{"line":3,"column":15}},"loc":{"start":{"line":3,"column":39},"end":{"line":13,"column":1}},"line":3},"1":{"name":"(anonymous_1)","decl":{"start":{"line":4,"column":28},"end":{"line":4,"column":29}},"loc":{"start":{"line":4,"column":44},"end":{"line":11,"column":3}},"line":4},"2":{"name":"(anonymous_2)","decl":{"start":{"line":8,"column":25},"end":{"line":8,"column":26}},"loc":{"start":{"line":8,"column":31},"end":{"line":8,"column":43}},"line":8}},"branchMap":{"0":{"loc":{"start":{"line":5,"column":17},"end":{"line":5,"column":66}},"type":"cond-expr","locations":[{"start":{"line":5,"column":24},"end":{"line":5,"column":45}},{"start":{"line":5,"column":48},"end":{"line":5,"column":66}}],"line":5}},"s":{"0":1,"1":4,"2":8,"3":8,"4":1,"5":4},"f":{"0":4,"1":8,"2":1},"b":{"0":[4,4]},"_coverageSchema":"1a1c01bbd47fc00a2c39e90264f33305004495a9","hash":"a282d5653a08d83acc91e6011d1486641c5894e9"}
,"/var/tmp/Roost/RoostGPT/react-test-tic/1dbd8b20-931d-4eab-88f8-a4b0f46cca71/source/tic-tac-toe/src/components/square/Square.js": {"path":"/var/tmp/Roost/RoostGPT/react-test-tic/1dbd8b20-931d-4eab-88f8-a4b0f46cca71/source/tic-tac-toe/src/components/square/Square.js","statementMap":{"0":{"start":{"line":1,"column":15},"end":{"line":7,"column":1}},"1":{"start":{"line":2,"column":2},"end":{"line":6,"column":3}}},"fnMap":{"0":{"name":"(anonymous_0)","decl":{"start":{"line":1,"column":15},"end":{"line":1,"column":16}},"loc":{"start":{"line":1,"column":39},"end":{"line":7,"column":1}},"line":1}},"branchMap":{},"s":{"0":1,"1":20},"f":{"0":20},"b":{},"_coverageSchema":"1a1c01bbd47fc00a2c39e90264f33305004495a9","hash":"7c10b9bb341cc10c252abb322b359ca25a7e8b01"}
,"/var/tmp/Roost/RoostGPT/react-test-tic/1dbd8b20-931d-4eab-88f8-a4b0f46cca71/source/tic-tac-toe/src/helpers/calculateWinner.js": {"path":"/var/tmp/Roost/RoostGPT/react-test-tic/1dbd8b20-931d-4eab-88f8-a4b0f46cca71/source/tic-tac-toe/src/helpers/calculateWinner.js","statementMap":{"0":{"start":{"line":2,"column":18},"end":{"line":11,"column":5}},"1":{"start":{"line":12,"column":4},"end":{"line":17,"column":5}},"2":{"start":{"line":12,"column":17},"end":{"line":12,"column":18}},"3":{"start":{"line":13,"column":24},"end":{"line":13,"column":32}},"4":{"start":{"line":14,"column":6},"end":{"line":16,"column":7}},"5":{"start":{"line":15,"column":8},"end":{"line":15,"column":26}},"6":{"start":{"line":18,"column":4},"end":{"line":18,"column":16}}},"fnMap":{"0":{"name":"calculateWinner","decl":{"start":{"line":1,"column":9},"end":{"line":1,"column":24}},"loc":{"start":{"line":1,"column":34},"end":{"line":19,"column":3}},"line":1}},"branchMap":{"0":{"loc":{"start":{"line":14,"column":6},"end":{"line":16,"column":7}},"type":"if","locations":[{"start":{"line":14,"column":6},"end":{"line":16,"column":7}},{"start":{},"end":{}}],"line":14},"1":{"loc":{"start":{"line":14,"column":10},"end":{"line":14,"column":78}},"type":"binary-expr","locations":[{"start":{"line":14,"column":10},"end":{"line":14,"column":20}},{"start":{"line":14,"column":24},"end":{"line":14,"column":49}},{"start":{"line":14,"column":53},"end":{"line":14,"column":78}}],"line":14}},"s":{"0":6,"1":6,"2":6,"3":35,"4":35,"5":4,"6":2},"f":{"0":6},"b":{"0":[4,31],"1":[35,19,4]},"_coverageSchema":"1a1c01bbd47fc00a2c39e90264f33305004495a9","hash":"259a90f7bf593c02fbdabbbb5bd2cfee36944eed"}
}
