{"total": {"lines":{"total":22,"covered":15,"skipped":0,"pct":68.18},"statements":{"total":23,"covered":16,"skipped":0,"pct":69.56},"functions":{"total":7,"covered":5,"skipped":0,"pct":71.42},"branches":{"total":11,"covered":7,"skipped":0,"pct":63.63},"branchesTrue":{"total":0,"covered":0,"skipped":0,"pct":100}}
,"/var/tmp/Roost/RoostGPT/react-test-tic/1dbd8b20-931d-4eab-88f8-a4b0f46cca71/source/tic-tac-toe/src/reportWebVitals.js": {"lines":{"total":8,"covered":1,"skipped":0,"pct":12.5},"functions":{"total":2,"covered":0,"skipped":0,"pct":0},"statements":{"total":8,"covered":1,"skipped":0,"pct":12.5},"branches":{"total":4,"covered":0,"skipped":0,"pct":0}}
,"/var/tmp/Roost/RoostGPT/react-test-tic/1dbd8b20-931d-4eab-88f8-a4b0f46cca71/source/tic-tac-toe/src/components/moves/Moves.js": {"lines":{"total":6,"covered":6,"skipped":0,"pct":100},"functions":{"total":3,"covered":3,"skipped":0,"pct":100},"statements":{"total":6,"covered":6,"skipped":0,"pct":100},"branches":{"total":2,"covered":2,"skipped":0,"pct":100}}
,"/var/tmp/Roost/RoostGPT/react-test-tic/1dbd8b20-931d-4eab-88f8-a4b0f46cca71/source/tic-tac-toe/src/components/square/Square.js": {"lines":{"total":2,"covered":2,"skipped":0,"pct":100},"functions":{"total":1,"covered":1,"skipped":0,"pct":100},"statements":{"total":2,"covered":2,"skipped":0,"pct":100},"branches":{"total":0,"covered":0,"skipped":0,"pct":100}}
,"/var/tmp/Roost/RoostGPT/react-test-tic/1dbd8b20-931d-4eab-88f8-a4b0f46cca71/source/tic-tac-toe/src/helpers/calculateWinner.js": {"lines":{"total":6,"covered":6,"skipped":0,"pct":100},"functions":{"total":1,"covered":1,"skipped":0,"pct":100},"statements":{"total":7,"covered":7,"skipped":0,"pct":100},"branches":{"total":5,"covered":5,"skipped":0,"pct":100}}
}
