TN:
SF:src/reportWebVitals.js
FN:1,(anonymous_0)
FN:3,(anonymous_1)
FNF:2
FNH:0
FNDA:0,(anonymous_0)
FNDA:0,(anonymous_1)
DA:1,1
DA:2,0
DA:3,0
DA:4,0
DA:5,0
DA:6,0
DA:7,0
DA:8,0
LF:8
LH:1
BRDA:2,0,0,0
BRDA:2,0,1,0
BRDA:2,1,0,0
BRDA:2,1,1,0
BRF:4
BRH:0
end_of_record
TN:
SF:src/components/moves/Moves.js
FN:3,(anonymous_0)
FN:4,(anonymous_1)
FN:8,(anonymous_2)
FNF:3
FNH:3
FNDA:4,(anonymous_0)
FNDA:8,(anonymous_1)
FNDA:1,(anonymous_2)
DA:3,1
DA:4,4
DA:5,8
DA:6,8
DA:8,1
DA:12,4
LF:6
LH:6
BRDA:5,0,0,4
BRDA:5,0,1,4
BRF:2
BRH:2
end_of_record
TN:
SF:src/components/square/Square.js
FN:1,(anonymous_0)
FNF:1
FNH:1
FNDA:20,(anonymous_0)
DA:1,1
DA:2,20
LF:2
LH:2
BRF:0
BRH:0
end_of_record
TN:
SF:src/helpers/calculateWinner.js
FN:1,calculateWinner
FNF:1
FNH:1
FNDA:6,calculateWinner
DA:2,6
DA:12,6
DA:13,35
DA:14,35
DA:15,4
DA:18,2
LF:6
LH:6
BRDA:14,0,0,4
BRDA:14,0,1,31
BRDA:14,1,0,35
BRDA:14,1,1,19
BRDA:14,1,2,4
BRF:5
BRH:5
end_of_record
