{"/Users/afsal/go/src/github.com/ZB-io/approostio/src/components/Button/index.js": {"path":"/Users/afsal/go/src/github.com/ZB-io/approostio/src/components/Button/index.js","statementMap":{"0":{"start":{"line":22,"column":8},"end":{"line":22,"column":18}},"1":{"start":{"line":23,"column":4},"end":{"line":47,"column":6}}},"fnMap":{"0":{"name":"(anonymous_0)","decl":{"start":{"line":6,"column":2},"end":{"line":6,"column":3}},"loc":{"start":{"line":6,"column":11},"end":{"line":48,"column":3}},"line":6}},"branchMap":{"0":{"loc":{"start":{"line":12,"column":6},"end":{"line":12,"column":20}},"type":"default-arg","locations":[{"start":{"line":12,"column":14},"end":{"line":12,"column":20}}],"line":12},"1":{"loc":{"start":{"line":13,"column":6},"end":{"line":13,"column":27}},"type":"default-arg","locations":[{"start":{"line":13,"column":18},"end":{"line":13,"column":27}}],"line":13},"2":{"loc":{"start":{"line":15,"column":6},"end":{"line":15,"column":23}},"type":"default-arg","locations":[{"start":{"line":15,"column":18},"end":{"line":15,"column":23}}],"line":15},"3":{"loc":{"start":{"line":16,"column":6},"end":{"line":16,"column":28}},"type":"default-arg","locations":[{"start":{"line":16,"column":23},"end":{"line":16,"column":28}}],"line":16},"4":{"loc":{"start":{"line":17,"column":6},"end":{"line":17,"column":20}},"type":"default-arg","locations":[{"start":{"line":17,"column":15},"end":{"line":17,"column":20}}],"line":17},"5":{"loc":{"start":{"line":19,"column":6},"end":{"line":19,"column":16}},"type":"default-arg","locations":[{"start":{"line":19,"column":14},"end":{"line":19,"column":16}}],"line":19},"6":{"loc":{"start":{"line":21,"column":6},"end":{"line":21,"column":38}},"type":"default-arg","locations":[{"start":{"line":21,"column":20},"end":{"line":21,"column":38}}],"line":21},"7":{"loc":{"start":{"line":25,"column":22},"end":{"line":25,"column":65}},"type":"cond-expr","locations":[{"start":{"line":25,"column":35},"end":{"line":25,"column":45}},{"start":{"line":25,"column":48},"end":{"line":25,"column":65}}],"line":25},"8":{"loc":{"start":{"line":30,"column":17},"end":{"line":30,"column":54}},"type":"cond-expr","locations":[{"start":{"line":30,"column":30},"end":{"line":30,"column":42}},{"start":{"line":30,"column":45},"end":{"line":30,"column":54}}],"line":30},"9":{"loc":{"start":{"line":41,"column":9},"end":{"line":41,"column":68}},"type":"binary-expr","locations":[{"start":{"line":41,"column":9},"end":{"line":41,"column":25}},{"start":{"line":41,"column":29},"end":{"line":41,"column":68}}],"line":41},"10":{"loc":{"start":{"line":42,"column":9},"end":{"line":44,"column":20}},"type":"cond-expr","locations":[{"start":{"line":43,"column":12},"end":{"line":43,"column":45}},{"start":{"line":44,"column":12},"end":{"line":44,"column":20}}],"line":42},"11":{"loc":{"start":{"line":42,"column":9},"end":{"line":42,"column":48}},"type":"binary-expr","locations":[{"start":{"line":42,"column":9},"end":{"line":42,"column":23}},{"start":{"line":42,"column":27},"end":{"line":42,"column":48}}],"line":42},"12":{"loc":{"start":{"line":45,"column":9},"end":{"line":45,"column":70}},"type":"binary-expr","locations":[{"start":{"line":45,"column":9},"end":{"line":45,"column":26}},{"start":{"line":45,"column":30},"end":{"line":45,"column":70}}],"line":45}},"s":{"0":4,"1":4},"f":{"0":4},"b":{"0":[4],"1":[4],"2":[3],"3":[3],"4":[4],"5":[4],"6":[4],"7":[0,4],"8":[3,1],"9":[4,0],"10":[1,3],"11":[4,1],"12":[4,0]},"_coverageSchema":"1a1c01bbd47fc00a2c39e90264f33305004495a9","hash":"a49ac33a2147a04ffbd60ac44c91f1cbf2def46c"}
,"/Users/afsal/go/src/github.com/ZB-io/approostio/src/components/CheckBox/index.js": {"path":"/Users/afsal/go/src/github.com/ZB-io/approostio/src/components/CheckBox/index.js","statementMap":{"0":{"start":{"line":17,"column":8},"end":{"line":17,"column":18}},"1":{"start":{"line":19,"column":27},"end":{"line":29,"column":6}},"2":{"start":{"line":30,"column":4},"end":{"line":56,"column":6}},"3":{"start":{"line":36,"column":12},"end":{"line":36,"column":32}},"4":{"start":{"line":37,"column":12},"end":{"line":41,"column":13}},"5":{"start":{"line":38,"column":14},"end":{"line":38,"column":28}},"6":{"start":{"line":40,"column":14},"end":{"line":40,"column":33}}},"fnMap":{"0":{"name":"(anonymous_0)","decl":{"start":{"line":6,"column":2},"end":{"line":6,"column":3}},"loc":{"start":{"line":6,"column":11},"end":{"line":57,"column":3}},"line":6},"1":{"name":"(anonymous_1)","decl":{"start":{"line":35,"column":19},"end":{"line":35,"column":20}},"loc":{"start":{"line":35,"column":26},"end":{"line":42,"column":11}},"line":35}},"branchMap":{"0":{"loc":{"start":{"line":13,"column":6},"end":{"line":13,"column":24}},"type":"default-arg","locations":[{"start":{"line":13,"column":19},"end":{"line":13,"column":24}}],"line":13},"1":{"loc":{"start":{"line":15,"column":6},"end":{"line":15,"column":19}},"type":"default-arg","locations":[{"start":{"line":15,"column":15},"end":{"line":15,"column":19}}],"line":15},"2":{"loc":{"start":{"line":37,"column":12},"end":{"line":41,"column":13}},"type":"if","locations":[{"start":{"line":37,"column":12},"end":{"line":41,"column":13}},{"start":{"line":39,"column":19},"end":{"line":41,"column":13}}],"line":37}},"s":{"0":4,"1":4,"2":4,"3":2,"4":2,"5":1,"6":1},"f":{"0":4,"1":2},"b":{"0":[2],"1":[3],"2":[1,1]},"_coverageSchema":"1a1c01bbd47fc00a2c39e90264f33305004495a9","hash":"aed4ad655c78fdf6e09544af15624f75f3c9b942"}
,"/Users/afsal/go/src/github.com/ZB-io/approostio/src/components/Date/index.js": {"path":"/Users/afsal/go/src/github.com/ZB-io/approostio/src/components/Date/index.js","statementMap":{"0":{"start":{"line":6,"column":54},"end":{"line":6,"column":64}},"1":{"start":{"line":8,"column":24},"end":{"line":19,"column":5}},"2":{"start":{"line":9,"column":6},"end":{"line":11,"column":7}},"3":{"start":{"line":10,"column":8},"end":{"line":10,"column":57}},"4":{"start":{"line":12,"column":6},"end":{"line":14,"column":7}},"5":{"start":{"line":13,"column":8},"end":{"line":13,"column":41}},"6":{"start":{"line":15,"column":6},"end":{"line":18,"column":7}},"7":{"start":{"line":16,"column":21},"end":{"line":16,"column":46}},"8":{"start":{"line":17,"column":8},"end":{"line":17,"column":40}},"9":{"start":{"line":20,"column":4},"end":{"line":24,"column":6}}},"fnMap":{"0":{"name":"(anonymous_0)","decl":{"start":{"line":5,"column":2},"end":{"line":5,"column":3}},"loc":{"start":{"line":5,"column":11},"end":{"line":25,"column":3}},"line":5},"1":{"name":"(anonymous_1)","decl":{"start":{"line":8,"column":24},"end":{"line":8,"column":25}},"loc":{"start":{"line":8,"column":30},"end":{"line":19,"column":5}},"line":8}},"branchMap":{"0":{"loc":{"start":{"line":6,"column":11},"end":{"line":6,"column":27}},"type":"default-arg","locations":[{"start":{"line":6,"column":19},"end":{"line":6,"column":27}}],"line":6},"1":{"loc":{"start":{"line":6,"column":29},"end":{"line":6,"column":50}},"type":"default-arg","locations":[{"start":{"line":6,"column":38},"end":{"line":6,"column":50}}],"line":6},"2":{"loc":{"start":{"line":9,"column":6},"end":{"line":11,"column":7}},"type":"if","locations":[{"start":{"line":9,"column":6},"end":{"line":11,"column":7}},{"start":{},"end":{}}],"line":9},"3":{"loc":{"start":{"line":12,"column":6},"end":{"line":14,"column":7}},"type":"if","locations":[{"start":{"line":12,"column":6},"end":{"line":14,"column":7}},{"start":{},"end":{}}],"line":12},"4":{"loc":{"start":{"line":15,"column":6},"end":{"line":18,"column":7}},"type":"if","locations":[{"start":{"line":15,"column":6},"end":{"line":18,"column":7}},{"start":{},"end":{}}],"line":15},"5":{"loc":{"start":{"line":20,"column":11},"end":{"line":24,"column":5}},"type":"cond-expr","locations":[{"start":{"line":21,"column":6},"end":{"line":21,"column":47}},{"start":{"line":23,"column":6},"end":{"line":23,"column":56}}],"line":20}},"s":{"0":1,"1":1,"2":1,"3":0,"4":1,"5":1,"6":0,"7":0,"8":0,"9":1},"f":{"0":1,"1":1},"b":{"0":[1],"1":[1],"2":[0,1],"3":[1,0],"4":[0,0],"5":[0,1]},"_coverageSchema":"1a1c01bbd47fc00a2c39e90264f33305004495a9","hash":"66667e3c9a0b2ab889339917a8b45f14f35e11d5"}
,"/Users/afsal/go/src/github.com/ZB-io/approostio/src/components/DefaultProfilePic/index.js": {"path":"/Users/afsal/go/src/github.com/ZB-io/approostio/src/components/DefaultProfilePic/index.js","statementMap":{"0":{"start":{"line":6,"column":4},"end":{"line":6,"column":17}},"1":{"start":{"line":7,"column":4},"end":{"line":9,"column":6}},"2":{"start":{"line":14,"column":21},"end":{"line":27,"column":7}},"3":{"start":{"line":28,"column":6},"end":{"line":28,"column":52}},"4":{"start":{"line":30,"column":4},"end":{"line":30,"column":53}},"5":{"start":{"line":39,"column":8},"end":{"line":39,"column":18}},"6":{"start":{"line":41,"column":19},"end":{"line":41,"column":21}},"7":{"start":{"line":42,"column":4},"end":{"line":48,"column":5}},"8":{"start":{"line":43,"column":6},"end":{"line":43,"column":41}},"9":{"start":{"line":44,"column":6},"end":{"line":44,"column":33}},"10":{"start":{"line":45,"column":6},"end":{"line":47,"column":7}},"11":{"start":{"line":46,"column":8},"end":{"line":46,"column":55}},"12":{"start":{"line":50,"column":4},"end":{"line":63,"column":6}}},"fnMap":{"0":{"name":"(anonymous_0)","decl":{"start":{"line":5,"column":2},"end":{"line":5,"column":3}},"loc":{"start":{"line":5,"column":21},"end":{"line":10,"column":3}},"line":5},"1":{"name":"(anonymous_1)","decl":{"start":{"line":12,"column":2},"end":{"line":12,"column":3}},"loc":{"start":{"line":12,"column":22},"end":{"line":31,"column":3}},"line":12},"2":{"name":"getRandomColor","decl":{"start":{"line":13,"column":13},"end":{"line":13,"column":27}},"loc":{"start":{"line":13,"column":30},"end":{"line":29,"column":5}},"line":13},"3":{"name":"(anonymous_3)","decl":{"start":{"line":32,"column":2},"end":{"line":32,"column":3}},"loc":{"start":{"line":32,"column":11},"end":{"line":64,"column":3}},"line":32}},"branchMap":{"0":{"loc":{"start":{"line":34,"column":6},"end":{"line":34,"column":15}},"type":"default-arg","locations":[{"start":{"line":34,"column":13},"end":{"line":34,"column":15}}],"line":34},"1":{"loc":{"start":{"line":35,"column":6},"end":{"line":35,"column":20}},"type":"default-arg","locations":[{"start":{"line":35,"column":14},"end":{"line":35,"column":20}}],"line":35},"2":{"loc":{"start":{"line":36,"column":6},"end":{"line":36,"column":21}},"type":"default-arg","locations":[{"start":{"line":36,"column":15},"end":{"line":36,"column":21}}],"line":36},"3":{"loc":{"start":{"line":37,"column":6},"end":{"line":37,"column":26}},"type":"default-arg","locations":[{"start":{"line":37,"column":21},"end":{"line":37,"column":26}}],"line":37},"4":{"loc":{"start":{"line":38,"column":6},"end":{"line":38,"column":23}},"type":"default-arg","locations":[{"start":{"line":38,"column":17},"end":{"line":38,"column":23}}],"line":38},"5":{"loc":{"start":{"line":42,"column":4},"end":{"line":48,"column":5}},"type":"if","locations":[{"start":{"line":42,"column":4},"end":{"line":48,"column":5}},{"start":{},"end":{}}],"line":42},"6":{"loc":{"start":{"line":45,"column":6},"end":{"line":47,"column":7}},"type":"if","locations":[{"start":{"line":45,"column":6},"end":{"line":47,"column":7}},{"start":{},"end":{}}],"line":45},"7":{"loc":{"start":{"line":61,"column":9},"end":{"line":61,"column":43}},"type":"binary-expr","locations":[{"start":{"line":61,"column":9},"end":{"line":61,"column":17}},{"start":{"line":61,"column":21},"end":{"line":61,"column":43}}],"line":61}},"s":{"0":5,"1":5,"2":5,"3":5,"4":5,"5":10,"6":10,"7":10,"8":10,"9":10,"10":10,"11":8,"12":10},"f":{"0":5,"1":5,"2":5,"3":10},"b":{"0":[0],"1":[8],"2":[8],"3":[8],"4":[8],"5":[10,0],"6":[8,2],"7":[10,10]},"_coverageSchema":"1a1c01bbd47fc00a2c39e90264f33305004495a9","hash":"b96e48b42fdf22a3ce8106739203824971598e74"}
,"/Users/afsal/go/src/github.com/ZB-io/approostio/src/components/Heading/index.js": {"path":"/Users/afsal/go/src/github.com/ZB-io/approostio/src/components/Heading/index.js","statementMap":{"0":{"start":{"line":4,"column":16},"end":{"line":52,"column":1}},"1":{"start":{"line":13,"column":2},"end":{"line":51,"column":4}}},"fnMap":{"0":{"name":"(anonymous_0)","decl":{"start":{"line":4,"column":16},"end":{"line":4,"column":17}},"loc":{"start":{"line":12,"column":6},"end":{"line":52,"column":1}},"line":12}},"branchMap":{"0":{"loc":{"start":{"line":6,"column":2},"end":{"line":6,"column":27}},"type":"default-arg","locations":[{"start":{"line":6,"column":12},"end":{"line":6,"column":27}}],"line":6},"1":{"loc":{"start":{"line":15,"column":7},"end":{"line":22,"column":7}},"type":"binary-expr","locations":[{"start":{"line":15,"column":7},"end":{"line":15,"column":14}},{"start":{"line":16,"column":8},"end":{"line":21,"column":10}}],"line":15},"2":{"loc":{"start":{"line":31,"column":9},"end":{"line":39,"column":9}},"type":"binary-expr","locations":[{"start":{"line":31,"column":9},"end":{"line":31,"column":19}},{"start":{"line":32,"column":10},"end":{"line":38,"column":16}}],"line":31},"3":{"loc":{"start":{"line":40,"column":9},"end":{"line":48,"column":9}},"type":"binary-expr","locations":[{"start":{"line":40,"column":9},"end":{"line":40,"column":17}},{"start":{"line":41,"column":10},"end":{"line":47,"column":16}}],"line":40}},"s":{"0":1,"1":7},"f":{"0":7},"b":{"0":[6],"1":[7,1],"2":[7,1],"3":[7,1]},"_coverageSchema":"1a1c01bbd47fc00a2c39e90264f33305004495a9","hash":"629b23e234789c9e21ed02cd98eacd4bdfc5b48e"}
,"/Users/afsal/go/src/github.com/ZB-io/approostio/src/components/RadioButton/index.js": {"path":"/Users/afsal/go/src/github.com/ZB-io/approostio/src/components/RadioButton/index.js","statementMap":{"0":{"start":{"line":15,"column":8},"end":{"line":15,"column":18}},"1":{"start":{"line":17,"column":23},"end":{"line":17,"column":35}},"2":{"start":{"line":19,"column":4},"end":{"line":41,"column":6}},"3":{"start":{"line":30,"column":16},"end":{"line":30,"column":35}}},"fnMap":{"0":{"name":"(anonymous_0)","decl":{"start":{"line":4,"column":2},"end":{"line":4,"column":3}},"loc":{"start":{"line":4,"column":11},"end":{"line":42,"column":3}},"line":4},"1":{"name":"(anonymous_1)","decl":{"start":{"line":29,"column":24},"end":{"line":29,"column":25}},"loc":{"start":{"line":29,"column":30},"end":{"line":31,"column":15}},"line":29}},"branchMap":{"0":{"loc":{"start":{"line":13,"column":6},"end":{"line":13,"column":22}},"type":"default-arg","locations":[{"start":{"line":13,"column":17},"end":{"line":13,"column":22}}],"line":13},"1":{"loc":{"start":{"line":14,"column":6},"end":{"line":14,"column":34}},"type":"default-arg","locations":[{"start":{"line":14,"column":20},"end":{"line":14,"column":34}}],"line":14}},"s":{"0":3,"1":3,"2":3,"3":2},"f":{"0":3,"1":2},"b":{"0":[2],"1":[3]},"_coverageSchema":"1a1c01bbd47fc00a2c39e90264f33305004495a9","hash":"b84c27a480392334b1e816558aaa68da971ff507"}
,"/Users/afsal/go/src/github.com/ZB-io/approostio/src/components/RoosterInfo/index.js": {"path":"/Users/afsal/go/src/github.com/ZB-io/approostio/src/components/RoosterInfo/index.js","statementMap":{"0":{"start":{"line":11,"column":4},"end":{"line":11,"column":17}},"1":{"start":{"line":12,"column":4},"end":{"line":12,"column":38}},"2":{"start":{"line":31,"column":8},"end":{"line":31,"column":18}},"3":{"start":{"line":32,"column":26},"end":{"line":32,"column":36}},"4":{"start":{"line":34,"column":25},"end":{"line":36,"column":6}},"5":{"start":{"line":38,"column":18},"end":{"line":38,"column":65}},"6":{"start":{"line":40,"column":20},"end":{"line":56,"column":5}},"7":{"start":{"line":41,"column":6},"end":{"line":55,"column":7}},"8":{"start":{"line":42,"column":8},"end":{"line":42,"column":48}},"9":{"start":{"line":43,"column":13},"end":{"line":55,"column":7}},"10":{"start":{"line":44,"column":8},"end":{"line":44,"column":71}},"11":{"start":{"line":45,"column":13},"end":{"line":55,"column":7}},"12":{"start":{"line":46,"column":8},"end":{"line":46,"column":51}},"13":{"start":{"line":47,"column":13},"end":{"line":55,"column":7}},"14":{"start":{"line":48,"column":8},"end":{"line":48,"column":77}},"15":{"start":{"line":50,"column":8},"end":{"line":54,"column":9}},"16":{"start":{"line":51,"column":10},"end":{"line":51,"column":26}},"17":{"start":{"line":53,"column":10},"end":{"line":53,"column":50}},"18":{"start":{"line":58,"column":22},"end":{"line":69,"column":5}},"19":{"start":{"line":59,"column":22},"end":{"line":59,"column":50}},"20":{"start":{"line":60,"column":6},"end":{"line":68,"column":48}},"21":{"start":{"line":61,"column":8},"end":{"line":61,"column":43}},"22":{"start":{"line":62,"column":13},"end":{"line":68,"column":48}},"23":{"start":{"line":63,"column":8},"end":{"line":63,"column":23}},"24":{"start":{"line":64,"column":13},"end":{"line":68,"column":48}},"25":{"start":{"line":65,"column":8},"end":{"line":65,"column":45}},"26":{"start":{"line":66,"column":13},"end":{"line":68,"column":48}},"27":{"start":{"line":67,"column":8},"end":{"line":67,"column":59}},"28":{"start":{"line":68,"column":13},"end":{"line":68,"column":48}},"29":{"start":{"line":71,"column":4},"end":{"line":162,"column":6}},"30":{"start":{"line":86,"column":29},"end":{"line":86,"column":63}},"31":{"start":{"line":106,"column":24},"end":{"line":106,"column":44}},"32":{"start":{"line":150,"column":20},"end":{"line":150,"column":40}}},"fnMap":{"0":{"name":"(anonymous_0)","decl":{"start":{"line":10,"column":2},"end":{"line":10,"column":3}},"loc":{"start":{"line":10,"column":21},"end":{"line":13,"column":3}},"line":10},"1":{"name":"(anonymous_1)","decl":{"start":{"line":15,"column":2},"end":{"line":15,"column":3}},"loc":{"start":{"line":15,"column":11},"end":{"line":163,"column":3}},"line":15},"2":{"name":"(anonymous_2)","decl":{"start":{"line":40,"column":20},"end":{"line":40,"column":21}},"loc":{"start":{"line":40,"column":45},"end":{"line":56,"column":5}},"line":40},"3":{"name":"(anonymous_3)","decl":{"start":{"line":58,"column":22},"end":{"line":58,"column":23}},"loc":{"start":{"line":58,"column":55},"end":{"line":69,"column":5}},"line":58},"4":{"name":"(anonymous_4)","decl":{"start":{"line":86,"column":23},"end":{"line":86,"column":24}},"loc":{"start":{"line":86,"column":29},"end":{"line":86,"column":63}},"line":86},"5":{"name":"(anonymous_5)","decl":{"start":{"line":105,"column":31},"end":{"line":105,"column":32}},"loc":{"start":{"line":105,"column":38},"end":{"line":107,"column":23}},"line":105},"6":{"name":"(anonymous_6)","decl":{"start":{"line":149,"column":27},"end":{"line":149,"column":28}},"loc":{"start":{"line":149,"column":34},"end":{"line":151,"column":19}},"line":149}},"branchMap":{"0":{"loc":{"start":{"line":17,"column":6},"end":{"line":17,"column":18}},"type":"default-arg","locations":[{"start":{"line":17,"column":16},"end":{"line":17,"column":18}}],"line":17},"1":{"loc":{"start":{"line":18,"column":6},"end":{"line":18,"column":21}},"type":"default-arg","locations":[{"start":{"line":18,"column":19},"end":{"line":18,"column":21}}],"line":18},"2":{"loc":{"start":{"line":19,"column":6},"end":{"line":19,"column":16}},"type":"default-arg","locations":[{"start":{"line":19,"column":14},"end":{"line":19,"column":16}}],"line":19},"3":{"loc":{"start":{"line":21,"column":6},"end":{"line":21,"column":25}},"type":"default-arg","locations":[{"start":{"line":21,"column":20},"end":{"line":21,"column":25}}],"line":21},"4":{"loc":{"start":{"line":22,"column":6},"end":{"line":22,"column":30}},"type":"default-arg","locations":[{"start":{"line":22,"column":25},"end":{"line":22,"column":30}}],"line":22},"5":{"loc":{"start":{"line":23,"column":6},"end":{"line":23,"column":38}},"type":"default-arg","locations":[{"start":{"line":23,"column":33},"end":{"line":23,"column":38}}],"line":23},"6":{"loc":{"start":{"line":24,"column":6},"end":{"line":24,"column":26}},"type":"default-arg","locations":[{"start":{"line":24,"column":24},"end":{"line":24,"column":26}}],"line":24},"7":{"loc":{"start":{"line":25,"column":6},"end":{"line":25,"column":26}},"type":"default-arg","locations":[{"start":{"line":25,"column":21},"end":{"line":25,"column":26}}],"line":25},"8":{"loc":{"start":{"line":26,"column":6},"end":{"line":26,"column":20}},"type":"default-arg","locations":[{"start":{"line":26,"column":15},"end":{"line":26,"column":20}}],"line":26},"9":{"loc":{"start":{"line":27,"column":6},"end":{"line":27,"column":18}},"type":"default-arg","locations":[{"start":{"line":27,"column":16},"end":{"line":27,"column":18}}],"line":27},"10":{"loc":{"start":{"line":28,"column":6},"end":{"line":28,"column":19}},"type":"default-arg","locations":[{"start":{"line":28,"column":17},"end":{"line":28,"column":19}}],"line":28},"11":{"loc":{"start":{"line":29,"column":6},"end":{"line":29,"column":17}},"type":"default-arg","locations":[{"start":{"line":29,"column":15},"end":{"line":29,"column":17}}],"line":29},"12":{"loc":{"start":{"line":30,"column":6},"end":{"line":30,"column":17}},"type":"default-arg","locations":[{"start":{"line":30,"column":15},"end":{"line":30,"column":17}}],"line":30},"13":{"loc":{"start":{"line":38,"column":36},"end":{"line":38,"column":64}},"type":"binary-expr","locations":[{"start":{"line":38,"column":36},"end":{"line":38,"column":51}},{"start":{"line":38,"column":55},"end":{"line":38,"column":64}}],"line":38},"14":{"loc":{"start":{"line":41,"column":6},"end":{"line":55,"column":7}},"type":"if","locations":[{"start":{"line":41,"column":6},"end":{"line":55,"column":7}},{"start":{"line":43,"column":13},"end":{"line":55,"column":7}}],"line":41},"15":{"loc":{"start":{"line":43,"column":13},"end":{"line":55,"column":7}},"type":"if","locations":[{"start":{"line":43,"column":13},"end":{"line":55,"column":7}},{"start":{"line":45,"column":13},"end":{"line":55,"column":7}}],"line":43},"16":{"loc":{"start":{"line":45,"column":13},"end":{"line":55,"column":7}},"type":"if","locations":[{"start":{"line":45,"column":13},"end":{"line":55,"column":7}},{"start":{"line":47,"column":13},"end":{"line":55,"column":7}}],"line":45},"17":{"loc":{"start":{"line":47,"column":13},"end":{"line":55,"column":7}},"type":"if","locations":[{"start":{"line":47,"column":13},"end":{"line":55,"column":7}},{"start":{"line":49,"column":13},"end":{"line":55,"column":7}}],"line":47},"18":{"loc":{"start":{"line":50,"column":8},"end":{"line":54,"column":9}},"type":"if","locations":[{"start":{"line":50,"column":8},"end":{"line":54,"column":9}},{"start":{"line":52,"column":15},"end":{"line":54,"column":9}}],"line":50},"19":{"loc":{"start":{"line":50,"column":12},"end":{"line":50,"column":69}},"type":"binary-expr","locations":[{"start":{"line":50,"column":12},"end":{"line":50,"column":38}},{"start":{"line":50,"column":42},"end":{"line":50,"column":69}}],"line":50},"20":{"loc":{"start":{"line":60,"column":6},"end":{"line":68,"column":48}},"type":"if","locations":[{"start":{"line":60,"column":6},"end":{"line":68,"column":48}},{"start":{"line":62,"column":13},"end":{"line":68,"column":48}}],"line":60},"21":{"loc":{"start":{"line":62,"column":13},"end":{"line":68,"column":48}},"type":"if","locations":[{"start":{"line":62,"column":13},"end":{"line":68,"column":48}},{"start":{"line":64,"column":13},"end":{"line":68,"column":48}}],"line":62},"22":{"loc":{"start":{"line":64,"column":13},"end":{"line":68,"column":48}},"type":"if","locations":[{"start":{"line":64,"column":13},"end":{"line":68,"column":48}},{"start":{"line":66,"column":13},"end":{"line":68,"column":48}}],"line":64},"23":{"loc":{"start":{"line":66,"column":13},"end":{"line":68,"column":48}},"type":"if","locations":[{"start":{"line":66,"column":13},"end":{"line":68,"column":48}},{"start":{"line":68,"column":13},"end":{"line":68,"column":48}}],"line":66},"24":{"loc":{"start":{"line":81,"column":11},"end":{"line":88,"column":11}},"type":"binary-expr","locations":[{"start":{"line":81,"column":11},"end":{"line":81,"column":23}},{"start":{"line":81,"column":27},"end":{"line":81,"column":32}},{"start":{"line":82,"column":12},"end":{"line":87,"column":14}}],"line":81},"25":{"loc":{"start":{"line":89,"column":11},"end":{"line":93,"column":11}},"type":"binary-expr","locations":[{"start":{"line":89,"column":12},"end":{"line":89,"column":23}},{"start":{"line":89,"column":27},"end":{"line":89,"column":33}},{"start":{"line":90,"column":12},"end":{"line":92,"column":14}}],"line":89},"26":{"loc":{"start":{"line":91,"column":20},"end":{"line":91,"column":62}},"type":"cond-expr","locations":[{"start":{"line":91,"column":42},"end":{"line":91,"column":49}},{"start":{"line":91,"column":52},"end":{"line":91,"column":62}}],"line":91},"27":{"loc":{"start":{"line":94,"column":11},"end":{"line":96,"column":11}},"type":"binary-expr","locations":[{"start":{"line":94,"column":11},"end":{"line":94,"column":23}},{"start":{"line":95,"column":12},"end":{"line":95,"column":77}}],"line":94},"28":{"loc":{"start":{"line":100,"column":13},"end":{"line":123,"column":13}},"type":"cond-expr","locations":[{"start":{"line":101,"column":14},"end":{"line":120,"column":17}},{"start":{"line":122,"column":14},"end":{"line":122,"column":28}}],"line":100},"29":{"loc":{"start":{"line":109,"column":24},"end":{"line":111,"column":54}},"type":"cond-expr","locations":[{"start":{"line":110,"column":28},"end":{"line":110,"column":41}},{"start":{"line":111,"column":28},"end":{"line":111,"column":54}}],"line":109},"30":{"loc":{"start":{"line":126,"column":11},"end":{"line":159,"column":11}},"type":"binary-expr","locations":[{"start":{"line":126,"column":11},"end":{"line":126,"column":23}},{"start":{"line":127,"column":12},"end":{"line":158,"column":18}}],"line":126},"31":{"loc":{"start":{"line":133,"column":25},"end":{"line":133,"column":55}},"type":"binary-expr","locations":[{"start":{"line":133,"column":25},"end":{"line":133,"column":41}},{"start":{"line":133,"column":45},"end":{"line":133,"column":55}}],"line":133},"32":{"loc":{"start":{"line":136,"column":17},"end":{"line":140,"column":17}},"type":"binary-expr","locations":[{"start":{"line":136,"column":17},"end":{"line":136,"column":33}},{"start":{"line":137,"column":18},"end":{"line":139,"column":24}}],"line":136},"33":{"loc":{"start":{"line":138,"column":21},"end":{"line":138,"column":51}},"type":"binary-expr","locations":[{"start":{"line":138,"column":21},"end":{"line":138,"column":37}},{"start":{"line":138,"column":41},"end":{"line":138,"column":51}}],"line":138},"34":{"loc":{"start":{"line":142,"column":15},"end":{"line":157,"column":15}},"type":"binary-expr","locations":[{"start":{"line":142,"column":15},"end":{"line":142,"column":32}},{"start":{"line":143,"column":16},"end":{"line":156,"column":20}}],"line":142},"35":{"loc":{"start":{"line":145,"column":20},"end":{"line":147,"column":40}},"type":"cond-expr","locations":[{"start":{"line":146,"column":24},"end":{"line":146,"column":64}},{"start":{"line":147,"column":24},"end":{"line":147,"column":40}}],"line":145},"36":{"loc":{"start":{"line":152,"column":26},"end":{"line":152,"column":71}},"type":"cond-expr","locations":[{"start":{"line":152,"column":53},"end":{"line":152,"column":61}},{"start":{"line":152,"column":64},"end":{"line":152,"column":71}}],"line":152}},"s":{"0":4,"1":4,"2":4,"3":4,"4":4,"5":4,"6":4,"7":1,"8":0,"9":1,"10":0,"11":1,"12":0,"13":1,"14":0,"15":1,"16":0,"17":1,"18":4,"19":1,"20":1,"21":0,"22":1,"23":0,"24":1,"25":0,"26":1,"27":0,"28":1,"29":4,"30":0,"31":0,"32":0},"f":{"0":4,"1":4,"2":1,"3":1,"4":0,"5":0,"6":0},"b":{"0":[0],"1":[0],"2":[0],"3":[0],"4":[0],"5":[0],"6":[0],"7":[0],"8":[0],"9":[0],"10":[0],"11":[0],"12":[0],"13":[4,0],"14":[0,1],"15":[0,1],"16":[0,1],"17":[0,1],"18":[0,1],"19":[1,0],"20":[0,1],"21":[0,1],"22":[0,1],"23":[0,1],"24":[4,4,3],"25":[4,4,1],"26":[1,0],"27":[4,0],"28":[0,4],"29":[0,0],"30":[4,4],"31":[4,0],"32":[4,0],"33":[0,0],"34":[4,4],"35":[1,3],"36":[1,3]},"_coverageSchema":"1a1c01bbd47fc00a2c39e90264f33305004495a9","hash":"39496ff5d950325ef732478936b09eb50bef81bb"}
,"/Users/afsal/go/src/github.com/ZB-io/approostio/src/components/Search/index.js": {"path":"/Users/afsal/go/src/github.com/ZB-io/approostio/src/components/Search/index.js","statementMap":{"0":{"start":{"line":22,"column":8},"end":{"line":22,"column":18}},"1":{"start":{"line":16,"column":31},"end":{"line":16,"column":44}},"2":{"start":{"line":20,"column":28},"end":{"line":20,"column":54}},"3":{"start":{"line":24,"column":26},"end":{"line":28,"column":5}},"4":{"start":{"line":25,"column":6},"end":{"line":27,"column":7}},"5":{"start":{"line":26,"column":8},"end":{"line":26,"column":27}},"6":{"start":{"line":29,"column":4},"end":{"line":63,"column":6}},"7":{"start":{"line":51,"column":27},"end":{"line":51,"column":46}},"8":{"start":{"line":52,"column":28},"end":{"line":52,"column":44}},"9":{"start":{"line":58,"column":12},"end":{"line":58,"column":29}}},"fnMap":{"0":{"name":"(anonymous_0)","decl":{"start":{"line":9,"column":2},"end":{"line":9,"column":3}},"loc":{"start":{"line":9,"column":11},"end":{"line":64,"column":3}},"line":9},"1":{"name":"(anonymous_1)","decl":{"start":{"line":16,"column":25},"end":{"line":16,"column":26}},"loc":{"start":{"line":16,"column":31},"end":{"line":16,"column":44}},"line":16},"2":{"name":"(anonymous_2)","decl":{"start":{"line":17,"column":22},"end":{"line":17,"column":23}},"loc":{"start":{"line":17,"column":28},"end":{"line":17,"column":30}},"line":17},"3":{"name":"(anonymous_3)","decl":{"start":{"line":20,"column":22},"end":{"line":20,"column":23}},"loc":{"start":{"line":20,"column":28},"end":{"line":20,"column":54}},"line":20},"4":{"name":"(anonymous_4)","decl":{"start":{"line":24,"column":26},"end":{"line":24,"column":27}},"loc":{"start":{"line":24,"column":33},"end":{"line":28,"column":5}},"line":24},"5":{"name":"(anonymous_5)","decl":{"start":{"line":51,"column":20},"end":{"line":51,"column":21}},"loc":{"start":{"line":51,"column":27},"end":{"line":51,"column":46}},"line":51},"6":{"name":"(anonymous_6)","decl":{"start":{"line":52,"column":21},"end":{"line":52,"column":22}},"loc":{"start":{"line":52,"column":28},"end":{"line":52,"column":44}},"line":52},"7":{"name":"(anonymous_7)","decl":{"start":{"line":57,"column":18},"end":{"line":57,"column":19}},"loc":{"start":{"line":57,"column":25},"end":{"line":59,"column":11}},"line":57}},"branchMap":{"0":{"loc":{"start":{"line":15,"column":6},"end":{"line":15,"column":23}},"type":"default-arg","locations":[{"start":{"line":15,"column":18},"end":{"line":15,"column":23}}],"line":15},"1":{"loc":{"start":{"line":16,"column":6},"end":{"line":16,"column":44}},"type":"default-arg","locations":[{"start":{"line":16,"column":25},"end":{"line":16,"column":44}}],"line":16},"2":{"loc":{"start":{"line":17,"column":6},"end":{"line":17,"column":30}},"type":"default-arg","locations":[{"start":{"line":17,"column":22},"end":{"line":17,"column":30}}],"line":17},"3":{"loc":{"start":{"line":18,"column":6},"end":{"line":18,"column":31}},"type":"default-arg","locations":[{"start":{"line":18,"column":29},"end":{"line":18,"column":31}}],"line":18},"4":{"loc":{"start":{"line":19,"column":6},"end":{"line":19,"column":30}},"type":"default-arg","locations":[{"start":{"line":19,"column":26},"end":{"line":19,"column":30}}],"line":19},"5":{"loc":{"start":{"line":20,"column":6},"end":{"line":20,"column":54}},"type":"default-arg","locations":[{"start":{"line":20,"column":22},"end":{"line":20,"column":54}}],"line":20},"6":{"loc":{"start":{"line":21,"column":6},"end":{"line":21,"column":26}},"type":"default-arg","locations":[{"start":{"line":21,"column":20},"end":{"line":21,"column":26}}],"line":21},"7":{"loc":{"start":{"line":25,"column":6},"end":{"line":27,"column":7}},"type":"if","locations":[{"start":{"line":25,"column":6},"end":{"line":27,"column":7}},{"start":{},"end":{}}],"line":25},"8":{"loc":{"start":{"line":39,"column":9},"end":{"line":45,"column":9}},"type":"binary-expr","locations":[{"start":{"line":39,"column":9},"end":{"line":39,"column":26}},{"start":{"line":40,"column":10},"end":{"line":44,"column":12}}],"line":39},"9":{"loc":{"start":{"line":41,"column":17},"end":{"line":41,"column":64}},"type":"cond-expr","locations":[{"start":{"line":41,"column":36},"end":{"line":41,"column":46}},{"start":{"line":41,"column":49},"end":{"line":41,"column":64}}],"line":41}},"s":{"0":5,"1":0,"2":0,"3":5,"4":1,"5":1,"6":5,"7":1,"8":1,"9":0},"f":{"0":5,"1":0,"2":0,"3":0,"4":1,"5":1,"6":1,"7":0},"b":{"0":[5],"1":[4],"2":[4],"3":[5],"4":[4],"5":[5],"6":[5],"7":[1,0],"8":[5,5],"9":[1,4]},"_coverageSchema":"1a1c01bbd47fc00a2c39e90264f33305004495a9","hash":"ade8950d431e2b420ba854b9a01c7d22cba01c4f"}
,"/Users/afsal/go/src/github.com/ZB-io/approostio/src/components/Tooltip/tooltip.js": {"path":"/Users/afsal/go/src/github.com/ZB-io/approostio/src/components/Tooltip/tooltip.js","statementMap":{"0":{"start":{"line":5,"column":16},"end":{"line":59,"column":1}},"1":{"start":{"line":14,"column":6},"end":{"line":14,"column":11}},"2":{"start":{"line":16,"column":30},"end":{"line":16,"column":45}},"3":{"start":{"line":18,"column":18},"end":{"line":22,"column":3}},"4":{"start":{"line":19,"column":4},"end":{"line":21,"column":27}},"5":{"start":{"line":20,"column":6},"end":{"line":20,"column":22}},"6":{"start":{"line":24,"column":18},"end":{"line":27,"column":3}},"7":{"start":{"line":25,"column":4},"end":{"line":25,"column":27}},"8":{"start":{"line":26,"column":4},"end":{"line":26,"column":21}},"9":{"start":{"line":28,"column":23},"end":{"line":34,"column":4}},"10":{"start":{"line":35,"column":2},"end":{"line":58,"column":4}},"11":{"start":{"line":39,"column":8},"end":{"line":39,"column":39}},"12":{"start":{"line":39,"column":29},"end":{"line":39,"column":39}},"13":{"start":{"line":42,"column":8},"end":{"line":42,"column":39}},"14":{"start":{"line":42,"column":29},"end":{"line":42,"column":39}},"15":{"start":{"line":45,"column":8},"end":{"line":45,"column":27}}},"fnMap":{"0":{"name":"(anonymous_0)","decl":{"start":{"line":5,"column":16},"end":{"line":5,"column":17}},"loc":{"start":{"line":5,"column":27},"end":{"line":59,"column":1}},"line":5},"1":{"name":"(anonymous_1)","decl":{"start":{"line":18,"column":18},"end":{"line":18,"column":19}},"loc":{"start":{"line":18,"column":24},"end":{"line":22,"column":3}},"line":18},"2":{"name":"(anonymous_2)","decl":{"start":{"line":19,"column":25},"end":{"line":19,"column":26}},"loc":{"start":{"line":19,"column":31},"end":{"line":21,"column":5}},"line":19},"3":{"name":"(anonymous_3)","decl":{"start":{"line":24,"column":18},"end":{"line":24,"column":19}},"loc":{"start":{"line":24,"column":24},"end":{"line":27,"column":3}},"line":24},"4":{"name":"(anonymous_4)","decl":{"start":{"line":38,"column":20},"end":{"line":38,"column":21}},"loc":{"start":{"line":38,"column":26},"end":{"line":40,"column":7}},"line":38},"5":{"name":"(anonymous_5)","decl":{"start":{"line":41,"column":20},"end":{"line":41,"column":21}},"loc":{"start":{"line":41,"column":26},"end":{"line":43,"column":7}},"line":41},"6":{"name":"(anonymous_6)","decl":{"start":{"line":44,"column":15},"end":{"line":44,"column":16}},"loc":{"start":{"line":44,"column":21},"end":{"line":46,"column":7}},"line":44}},"branchMap":{"0":{"loc":{"start":{"line":9,"column":4},"end":{"line":9,"column":26}},"type":"default-arg","locations":[{"start":{"line":9,"column":21},"end":{"line":9,"column":26}}],"line":9},"1":{"loc":{"start":{"line":10,"column":4},"end":{"line":10,"column":24}},"type":"default-arg","locations":[{"start":{"line":10,"column":20},"end":{"line":10,"column":24}}],"line":10},"2":{"loc":{"start":{"line":21,"column":7},"end":{"line":21,"column":25}},"type":"binary-expr","locations":[{"start":{"line":21,"column":7},"end":{"line":21,"column":18}},{"start":{"line":21,"column":22},"end":{"line":21,"column":25}}],"line":21},"3":{"loc":{"start":{"line":39,"column":8},"end":{"line":39,"column":39}},"type":"if","locations":[{"start":{"line":39,"column":8},"end":{"line":39,"column":39}},{"start":{},"end":{}}],"line":39},"4":{"loc":{"start":{"line":42,"column":8},"end":{"line":42,"column":39}},"type":"if","locations":[{"start":{"line":42,"column":8},"end":{"line":42,"column":39}},{"start":{},"end":{}}],"line":42},"5":{"loc":{"start":{"line":49,"column":7},"end":{"line":51,"column":18}},"type":"cond-expr","locations":[{"start":{"line":50,"column":10},"end":{"line":50,"column":43}},{"start":{"line":51,"column":10},"end":{"line":51,"column":18}}],"line":49},"6":{"loc":{"start":{"line":49,"column":7},"end":{"line":49,"column":45}},"type":"binary-expr","locations":[{"start":{"line":49,"column":7},"end":{"line":49,"column":20}},{"start":{"line":49,"column":24},"end":{"line":49,"column":45}}],"line":49},"7":{"loc":{"start":{"line":52,"column":7},"end":{"line":56,"column":7}},"type":"binary-expr","locations":[{"start":{"line":52,"column":7},"end":{"line":52,"column":13}},{"start":{"line":52,"column":17},"end":{"line":52,"column":30}},{"start":{"line":53,"column":8},"end":{"line":55,"column":14}}],"line":52}},"s":{"0":1,"1":4,"2":4,"3":4,"4":0,"5":0,"6":4,"7":0,"8":0,"9":4,"10":4,"11":0,"12":0,"13":0,"14":0,"15":0},"f":{"0":4,"1":0,"2":0,"3":0,"4":0,"5":0,"6":0},"b":{"0":[4],"1":[4],"2":[0,0],"3":[0,0],"4":[0,0],"5":[0,4],"6":[4,4],"7":[4,0,0]},"_coverageSchema":"1a1c01bbd47fc00a2c39e90264f33305004495a9","hash":"03a423d27d766dc6ec2bdc375288a3130fec98de"}
}
