TN:
SF:src/components/Button/index.js
FN:6,(anonymous_0)
FNF:1
FNH:1
FNDA:4,(anonymous_0)
DA:22,4
DA:23,4
LF:2
LH:2
BRDA:12,0,0,4
BRDA:13,1,0,4
BRDA:15,2,0,3
BRDA:16,3,0,3
BRDA:17,4,0,4
BRDA:19,5,0,4
BRDA:21,6,0,4
BRDA:25,7,0,0
BRDA:25,7,1,4
BRDA:30,8,0,3
BRDA:30,8,1,1
BRDA:41,9,0,4
BRDA:41,9,1,0
BRDA:42,10,0,1
BRDA:42,10,1,3
BRDA:42,11,0,4
BRDA:42,11,1,1
BRDA:45,12,0,4
BRDA:45,12,1,0
BRF:19
BRH:16
end_of_record
TN:
SF:src/components/CheckBox/index.js
FN:6,(anonymous_0)
FN:35,(anonymous_1)
FNF:2
FNH:2
FNDA:4,(anonymous_0)
FNDA:2,(anonymous_1)
DA:17,4
DA:19,4
DA:30,4
DA:36,2
DA:37,2
DA:38,1
DA:40,1
LF:7
LH:7
BRDA:13,0,0,2
BRDA:15,1,0,3
BRDA:37,2,0,1
BRDA:37,2,1,1
BRF:4
BRH:4
end_of_record
TN:
SF:src/components/Date/index.js
FN:5,(anonymous_0)
FN:8,(anonymous_1)
FNF:2
FNH:2
FNDA:1,(anonymous_0)
FNDA:1,(anonymous_1)
DA:6,1
DA:8,1
DA:9,1
DA:10,0
DA:12,1
DA:13,1
DA:15,0
DA:16,0
DA:17,0
DA:20,1
LF:10
LH:6
BRDA:6,0,0,1
BRDA:6,1,0,1
BRDA:9,2,0,0
BRDA:9,2,1,1
BRDA:12,3,0,1
BRDA:12,3,1,0
BRDA:15,4,0,0
BRDA:15,4,1,0
BRDA:20,5,0,0
BRDA:20,5,1,1
BRF:10
BRH:5
end_of_record
TN:
SF:src/components/DefaultProfilePic/index.js
FN:5,(anonymous_0)
FN:12,(anonymous_1)
FN:13,getRandomColor
FN:32,(anonymous_3)
FNF:4
FNH:4
FNDA:5,(anonymous_0)
FNDA:5,(anonymous_1)
FNDA:5,getRandomColor
FNDA:10,(anonymous_3)
DA:6,5
DA:7,5
DA:14,5
DA:28,5
DA:30,5
DA:39,10
DA:41,10
DA:42,10
DA:43,10
DA:44,10
DA:45,10
DA:46,8
DA:50,10
LF:13
LH:13
BRDA:34,0,0,0
BRDA:35,1,0,8
BRDA:36,2,0,8
BRDA:37,3,0,8
BRDA:38,4,0,8
BRDA:42,5,0,10
BRDA:42,5,1,0
BRDA:45,6,0,8
BRDA:45,6,1,2
BRDA:61,7,0,10
BRDA:61,7,1,10
BRF:11
BRH:9
end_of_record
TN:
SF:src/components/Heading/index.js
FN:4,(anonymous_0)
FNF:1
FNH:1
FNDA:7,(anonymous_0)
DA:4,1
DA:13,7
LF:2
LH:2
BRDA:6,0,0,6
BRDA:15,1,0,7
BRDA:15,1,1,1
BRDA:31,2,0,7
BRDA:31,2,1,1
BRDA:40,3,0,7
BRDA:40,3,1,1
BRF:7
BRH:7
end_of_record
TN:
SF:src/components/RadioButton/index.js
FN:4,(anonymous_0)
FN:29,(anonymous_1)
FNF:2
FNH:2
FNDA:3,(anonymous_0)
FNDA:2,(anonymous_1)
DA:15,3
DA:17,3
DA:19,3
DA:30,2
LF:4
LH:4
BRDA:13,0,0,2
BRDA:14,1,0,3
BRF:2
BRH:2
end_of_record
TN:
SF:src/components/RoosterInfo/index.js
FN:10,(anonymous_0)
FN:15,(anonymous_1)
FN:40,(anonymous_2)
FN:58,(anonymous_3)
FN:86,(anonymous_4)
FN:105,(anonymous_5)
FN:149,(anonymous_6)
FNF:7
FNH:4
FNDA:4,(anonymous_0)
FNDA:4,(anonymous_1)
FNDA:1,(anonymous_2)
FNDA:1,(anonymous_3)
FNDA:0,(anonymous_4)
FNDA:0,(anonymous_5)
FNDA:0,(anonymous_6)
DA:11,4
DA:12,4
DA:31,4
DA:32,4
DA:34,4
DA:38,4
DA:40,4
DA:41,1
DA:42,0
DA:43,1
DA:44,0
DA:45,1
DA:46,0
DA:47,1
DA:48,0
DA:50,1
DA:51,0
DA:53,1
DA:58,4
DA:59,1
DA:60,1
DA:61,0
DA:62,1
DA:63,0
DA:64,1
DA:65,0
DA:66,1
DA:67,0
DA:68,1
DA:71,4
DA:86,0
DA:106,0
DA:150,0
LF:33
LH:21
BRDA:17,0,0,0
BRDA:18,1,0,0
BRDA:19,2,0,0
BRDA:21,3,0,0
BRDA:22,4,0,0
BRDA:23,5,0,0
BRDA:24,6,0,0
BRDA:25,7,0,0
BRDA:26,8,0,0
BRDA:27,9,0,0
BRDA:28,10,0,0
BRDA:29,11,0,0
BRDA:30,12,0,0
BRDA:38,13,0,4
BRDA:38,13,1,0
BRDA:41,14,0,0
BRDA:41,14,1,1
BRDA:43,15,0,0
BRDA:43,15,1,1
BRDA:45,16,0,0
BRDA:45,16,1,1
BRDA:47,17,0,0
BRDA:47,17,1,1
BRDA:50,18,0,0
BRDA:50,18,1,1
BRDA:50,19,0,1
BRDA:50,19,1,0
BRDA:60,20,0,0
BRDA:60,20,1,1
BRDA:62,21,0,0
BRDA:62,21,1,1
BRDA:64,22,0,0
BRDA:64,22,1,1
BRDA:66,23,0,0
BRDA:66,23,1,1
BRDA:81,24,0,4
BRDA:81,24,1,4
BRDA:81,24,2,3
BRDA:89,25,0,4
BRDA:89,25,1,4
BRDA:89,25,2,1
BRDA:91,26,0,1
BRDA:91,26,1,0
BRDA:94,27,0,4
BRDA:94,27,1,0
BRDA:100,28,0,0
BRDA:100,28,1,4
BRDA:109,29,0,0
BRDA:109,29,1,0
BRDA:126,30,0,4
BRDA:126,30,1,4
BRDA:133,31,0,4
BRDA:133,31,1,0
BRDA:136,32,0,4
BRDA:136,32,1,0
BRDA:138,33,0,0
BRDA:138,33,1,0
BRDA:142,34,0,4
BRDA:142,34,1,4
BRDA:145,35,0,1
BRDA:145,35,1,3
BRDA:152,36,0,1
BRDA:152,36,1,3
BRF:63
BRH:30
end_of_record
TN:
SF:src/components/Search/index.js
FN:9,(anonymous_0)
FN:16,(anonymous_1)
FN:17,(anonymous_2)
FN:20,(anonymous_3)
FN:24,(anonymous_4)
FN:51,(anonymous_5)
FN:52,(anonymous_6)
FN:57,(anonymous_7)
FNF:8
FNH:4
FNDA:5,(anonymous_0)
FNDA:0,(anonymous_1)
FNDA:0,(anonymous_2)
FNDA:0,(anonymous_3)
FNDA:1,(anonymous_4)
FNDA:1,(anonymous_5)
FNDA:1,(anonymous_6)
FNDA:0,(anonymous_7)
DA:16,0
DA:20,0
DA:22,5
DA:24,5
DA:25,1
DA:26,1
DA:29,5
DA:51,1
DA:52,1
DA:58,0
LF:10
LH:7
BRDA:15,0,0,5
BRDA:16,1,0,4
BRDA:17,2,0,4
BRDA:18,3,0,5
BRDA:19,4,0,4
BRDA:20,5,0,5
BRDA:21,6,0,5
BRDA:25,7,0,1
BRDA:25,7,1,0
BRDA:39,8,0,5
BRDA:39,8,1,5
BRDA:41,9,0,1
BRDA:41,9,1,4
BRF:13
BRH:12
end_of_record
TN:
SF:src/components/Tooltip/tooltip.js
FN:5,(anonymous_0)
FN:18,(anonymous_1)
FN:19,(anonymous_2)
FN:24,(anonymous_3)
FN:38,(anonymous_4)
FN:41,(anonymous_5)
FN:44,(anonymous_6)
FNF:7
FNH:1
FNDA:4,(anonymous_0)
FNDA:0,(anonymous_1)
FNDA:0,(anonymous_2)
FNDA:0,(anonymous_3)
FNDA:0,(anonymous_4)
FNDA:0,(anonymous_5)
FNDA:0,(anonymous_6)
DA:5,1
DA:14,4
DA:16,4
DA:18,4
DA:19,0
DA:20,0
DA:24,4
DA:25,0
DA:26,0
DA:28,4
DA:35,4
DA:39,0
DA:42,0
DA:45,0
LF:14
LH:7
BRDA:9,0,0,4
BRDA:10,1,0,4
BRDA:21,2,0,0
BRDA:21,2,1,0
BRDA:39,3,0,0
BRDA:39,3,1,0
BRDA:42,4,0,0
BRDA:42,4,1,0
BRDA:49,5,0,0
BRDA:49,5,1,4
BRDA:49,6,0,4
BRDA:49,6,1,4
BRDA:52,7,0,4
BRDA:52,7,1,0
BRDA:52,7,2,0
BRF:15
BRH:6
end_of_record
